2025-10-16 23:04:09 [INFO] o.s.s..main [Thread-1] [wsServer] Creating WebSocket server...
2025-10-16 23:04:09 [INFO] o.s.s..main [Thread-1] [wsServer] WebSocket server instance created
2025-10-16 23:04:09 [INFO] o.s.s..main [Thread-1] [wsServer] WebSocket server setup complete
2025-10-16 23:04:09 [INFO] o.s.s..main [Thread-1] [mongo] MongoDB connected!
2025-10-16 23:04:09 [INFO] o.s.s..main [Thread-1] [MONGO] MongoDB connected
2025-10-16 23:04:09 [INFO] o.s.s..main [Thread-1] [POSTGRES] PostgreSQL connected
2025-10-16 23:04:09 [INFO] o.s.s..main [Thread-1] [HTTP_SERVER] Starting HTTP server...
2025-10-16 23:04:09 [INFO] o.s.s..main [Thread-1] [MAIN] CSMS Server fully initialized on port 8081
2025-10-16 23:06:44 [INFO] o.s.s..main [Thread-1] [index API] httpServer is created
2025-10-16 23:06:44 [INFO] o.s.s..main [Thread-1] [httpHandlers] Access-Control allow methods : GET, POST; allow headers Content-Type, Authorization
2025-10-16 23:06:44 [INFO] o.s.s..main [Thread-1] [httpHandlers] GET /api/stations response formatted
2025-10-16 23:06:44 [INFO] o.s.s..main [Thread-1] [index API] httpServer is created
2025-10-16 23:06:44 [INFO] o.s.s..main [Thread-1] [httpHandlers] Access-Control allow methods : GET, POST; allow headers Content-Type, Authorization
2025-10-16 23:06:44 [INFO] o.s.s..main [Thread-1] [httpHandlers] GET /api/stations response formatted
2025-10-16 23:06:54 [INFO] o.s.s..main [Thread-1] [CONNECTION] New connection: /ocpp/CP_TEST_2
2025-10-16 23:06:54 [INFO] o.s.s..main [Thread-1] [CONNECTION] Headers: {"sec-websocket-version":"13","sec-websocket-key":"CN4xXMmZO0m4xRThvijD7w==","connection":"Upgrade","upgrade":"websocket","sec-websocket-extensions":"permessage-deflate; client_max_window_bits","host":"localhost:8081"}
2025-10-16 23:06:54 [INFO] o.s.s..main [Thread-1] [CONNECTION] ChargePoint ID: CP_TEST_2
2025-10-16 23:06:54 [INFO] o.s.s..main [Thread-1] [AddConnection] Initialized default connector states for CP_TEST_2
2025-10-16 23:06:54 [INFO] o.s.s..main [Thread-1] [wsServer] CS added to the connection manager - CP_TEST_2
2025-10-16 23:06:54 [INFO] o.s.s..main [Thread-1] [CONNECTION] Successfully setup connection for CP_TEST_2
2025-10-16 23:06:54 [INFO] o.s.s..main [Thread-1] [CONNECTION] New connection: /ocpp/CP_TEST_1
2025-10-16 23:06:54 [INFO] o.s.s..main [Thread-1] [CONNECTION] Headers: {"sec-websocket-version":"13","sec-websocket-key":"nKxaTm1t6wQOGFGp+sARAg==","connection":"Upgrade","upgrade":"websocket","sec-websocket-extensions":"permessage-deflate; client_max_window_bits","host":"localhost:8081"}
2025-10-16 23:06:54 [INFO] o.s.s..main [Thread-1] [CONNECTION] ChargePoint ID: CP_TEST_1
2025-10-16 23:06:54 [INFO] o.s.s..main [Thread-1] [AddConnection] Initialized default connector states for CP_TEST_1
2025-10-16 23:06:54 [INFO] o.s.s..main [Thread-1] [wsServer] CS added to the connection manager - CP_TEST_1
2025-10-16 23:06:54 [INFO] o.s.s..main [Thread-1] [CONNECTION] Successfully setup connection for CP_TEST_1
2025-10-16 23:06:54 [INFO] o.s.s..main [Thread-1] [MESSAGE] json received from CP_TEST_2
2025-10-16 23:06:54 [INFO] o.s.s..main [Thread-1] [MessageRouter] from CP_TEST_2 Received request: BootNotification
2025-10-16 23:06:54 [INFO] o.s.s..main [Thread-1] [CONNECTION] New connection: /ocpp/CP_TEST_3
2025-10-16 23:06:54 [INFO] o.s.s..main [Thread-1] [CONNECTION] Headers: {"sec-websocket-version":"13","sec-websocket-key":"Gcpx8N65luyjIwPrCC4Iug==","connection":"Upgrade","upgrade":"websocket","sec-websocket-extensions":"permessage-deflate; client_max_window_bits","host":"localhost:8081"}
2025-10-16 23:06:54 [INFO] o.s.s..main [Thread-1] [CONNECTION] ChargePoint ID: CP_TEST_3
2025-10-16 23:06:54 [INFO] o.s.s..main [Thread-1] [AddConnection] Initialized default connector states for CP_TEST_3
2025-10-16 23:06:54 [INFO] o.s.s..main [Thread-1] [wsServer] CS added to the connection manager - CP_TEST_3
2025-10-16 23:06:54 [INFO] o.s.s..main [Thread-1] [CONNECTION] Successfully setup connection for CP_TEST_3
2025-10-16 23:06:54 [INFO] o.s.s..main [Thread-1] [MESSAGE] json received from CP_TEST_1
2025-10-16 23:06:54 [INFO] o.s.s..main [Thread-1] [MessageRouter] from CP_TEST_1 Received request: BootNotification
2025-10-16 23:06:54 [INFO] o.s.s..main [Thread-1] [MESSAGE] json received from CP_TEST_3
2025-10-16 23:06:54 [INFO] o.s.s..main [Thread-1] [MessageRouter] from CP_TEST_3 Received request: BootNotification
2025-10-16 23:06:54 [INFO] o.s.s..main [Thread-1] [connectorManager] cinitializeConnectors: 1 connectors for CP_TEST_1
2025-10-16 23:06:54 [INFO] o.s.s..main [Thread-1] Boot from CP_TEST_1:
      Vendor: Demo
      Model: DemoModel 
      Point serial number: undefined
      Box serial number: undefined 
      Firmware: undefined 
      iccid: undefined 
      imsi: undefined 
      Meter type: undefined 
      Meter serial number: undefined 
      saved to MongoDB
2025-10-16 23:06:54 [INFO] o.s.s..main [Thread-1] [BootNotification Handled] response={"currentTime":"2025-10-16T20:06:54.875Z","interval":60,"status":"Accepted"}
2025-10-16 23:06:54 [INFO] o.s.s..main [Thread-1] [MeesageRouter] Response Sent type 3 to CP_TEST_1: {"currentTime":"2025-10-16T20:06:54.875Z","interval":60,"status":"Accepted"}
2025-10-16 23:06:54 [INFO] o.s.s..main [Thread-1] [connectorManager] cinitializeConnectors: 1 connectors for CP_TEST_2
2025-10-16 23:06:54 [INFO] o.s.s..main [Thread-1] Boot from CP_TEST_2:
      Vendor: Demo
      Model: DemoModel 
      Point serial number: undefined
      Box serial number: undefined 
      Firmware: undefined 
      iccid: undefined 
      imsi: undefined 
      Meter type: undefined 
      Meter serial number: undefined 
      saved to MongoDB
2025-10-16 23:06:54 [INFO] o.s.s..main [Thread-1] [BootNotification Handled] response={"currentTime":"2025-10-16T20:06:54.876Z","interval":60,"status":"Accepted"}
2025-10-16 23:06:54 [INFO] o.s.s..main [Thread-1] [MeesageRouter] Response Sent type 3 to CP_TEST_2: {"currentTime":"2025-10-16T20:06:54.876Z","interval":60,"status":"Accepted"}
2025-10-16 23:06:54 [INFO] o.s.s..main [Thread-1] [connectorManager] cinitializeConnectors: 1 connectors for CP_TEST_3
2025-10-16 23:06:54 [INFO] o.s.s..main [Thread-1] Boot from CP_TEST_3:
      Vendor: Demo
      Model: DemoModel 
      Point serial number: undefined
      Box serial number: undefined 
      Firmware: undefined 
      iccid: undefined 
      imsi: undefined 
      Meter type: undefined 
      Meter serial number: undefined 
      saved to MongoDB
2025-10-16 23:06:54 [INFO] o.s.s..main [Thread-1] [BootNotification Handled] response={"currentTime":"2025-10-16T20:06:54.876Z","interval":60,"status":"Accepted"}
2025-10-16 23:06:54 [INFO] o.s.s..main [Thread-1] [MeesageRouter] Response Sent type 3 to CP_TEST_3: {"currentTime":"2025-10-16T20:06:54.876Z","interval":60,"status":"Accepted"}
2025-10-16 23:07:00 [INFO] o.s.s..main [Thread-1] [index API] httpServer is created
2025-10-16 23:07:00 [INFO] o.s.s..main [Thread-1] [httpHandlers] Access-Control allow methods : GET, POST; allow headers Content-Type, Authorization
2025-10-16 23:07:00 [INFO] o.s.s..main [Thread-1] [httpHandlers], request method OPTIONS
2025-10-16 23:07:00 [INFO] o.s.s..main [Thread-1] [index API] httpServer is created
2025-10-16 23:07:00 [INFO] o.s.s..main [Thread-1] [httpHandlers] Access-Control allow methods : GET, POST; allow headers Content-Type, Authorization
2025-10-16 23:07:02 [INFO] o.s.s..main [Thread-1] [index API] httpServer is created
2025-10-16 23:07:02 [INFO] o.s.s..main [Thread-1] [httpHandlers] Access-Control allow methods : GET, POST; allow headers Content-Type, Authorization
2025-10-16 23:07:02 [INFO] o.s.s..main [Thread-1] [index API] httpServer is created
2025-10-16 23:07:02 [INFO] o.s.s..main [Thread-1] [httpHandlers] Access-Control allow methods : GET, POST; allow headers Content-Type, Authorization
2025-10-16 23:07:02 [INFO] o.s.s..main [Thread-1] [index API] httpServer is created
2025-10-16 23:07:02 [INFO] o.s.s..main [Thread-1] [httpHandlers] Access-Control allow methods : GET, POST; allow headers Content-Type, Authorization
2025-10-16 23:07:02 [INFO] o.s.s..main [Thread-1] [index API] httpServer is created
2025-10-16 23:07:02 [INFO] o.s.s..main [Thread-1] [httpHandlers] Access-Control allow methods : GET, POST; allow headers Content-Type, Authorization
2025-10-16 23:07:04 [INFO] o.s.s..main [Thread-1] [index API] httpServer is created
2025-10-16 23:07:04 [INFO] o.s.s..main [Thread-1] [httpHandlers] Access-Control allow methods : GET, POST; allow headers Content-Type, Authorization
2025-10-16 23:07:04 [INFO] o.s.s..main [Thread-1] [index API] httpServer is created
2025-10-16 23:07:04 [INFO] o.s.s..main [Thread-1] [httpHandlers] Access-Control allow methods : GET, POST; allow headers Content-Type, Authorization
2025-10-16 23:07:04 [INFO] o.s.s..main [Thread-1] [index API] httpServer is created
2025-10-16 23:07:04 [INFO] o.s.s..main [Thread-1] [httpHandlers] Access-Control allow methods : GET, POST; allow headers Content-Type, Authorization
2025-10-16 23:07:16 [INFO] o.s.s..main [Thread-1] [SHUTDOWN] Received SIGINT. Initiating graceful shutdown...
2025-10-16 23:07:16 [INFO] o.s.s..main [Thread-1] [wsServer] Closing new connections
2025-10-16 23:07:16 [INFO] o.s.s..main [Thread-1] [SHUTDOWN] Waiting for 3 connections to close...
2025-10-16 23:07:16 [INFO] o.s.s..main [Thread-1] [CLOSE] Disconnected: CP_TEST_3, code: 1006, reason: 
2025-10-16 23:07:16 [INFO] o.s.s..main [Thread-1] [CLOSE] Disconnected: CP_TEST_1, code: 1006, reason: 
2025-10-16 23:07:16 [INFO] o.s.s..main [Thread-1] [CLOSE] Disconnected: CP_TEST_2, code: 1006, reason: 
2025-10-16 23:07:16 [INFO] o.s.s..main [Thread-1] [Heartbeat] Set lastOffline for CP_TEST_3: Thu Oct 16 2025 23:07:16 GMT+0300 (Москва, стандартное время)
2025-10-16 23:07:16 [INFO] o.s.s..main [Thread-1] [Heartbeat] Set lastOffline for CP_TEST_2: Thu Oct 16 2025 23:07:16 GMT+0300 (Москва, стандартное время)
2025-10-16 23:07:16 [INFO] o.s.s..main [Thread-1] [Heartbeat] Set lastOffline for CP_TEST_1: Thu Oct 16 2025 23:07:16 GMT+0300 (Москва, стандартное время)
2025-10-16 23:07:17 [INFO] o.s.s..main [Thread-1] [SHUTDOWN] All connections closed. Shutting down.
2025-10-16 23:49:28 [INFO] o.s.s..main [Thread-1] [wsServer] Creating WebSocket server...
2025-10-16 23:49:28 [INFO] o.s.s..main [Thread-1] [wsServer] WebSocket server instance created
2025-10-16 23:49:28 [INFO] o.s.s..main [Thread-1] [wsServer] WebSocket server setup complete
2025-10-16 23:49:28 [INFO] o.s.s..main [Thread-1] [mongo] MongoDB connected!
2025-10-16 23:49:28 [INFO] o.s.s..main [Thread-1] [MONGO] MongoDB connected
2025-10-16 23:49:28 [INFO] o.s.s..main [Thread-1] [POSTGRES] PostgreSQL connected
2025-10-16 23:49:28 [INFO] o.s.s..main [Thread-1] [HTTP_SERVER] Starting HTTP server...
2025-10-16 23:49:28 [INFO] o.s.s..main [Thread-1] [MAIN] CSMS Server fully initialized on port 8081
2025-10-16 23:49:49 [INFO] o.s.s..main [Thread-1] [index API] httpServer is created
2025-10-16 23:49:49 [INFO] o.s.s..main [Thread-1] [httpHandlers] Access-Control allow methods : GET, POST; allow headers Content-Type, Authorization
2025-10-16 23:49:49 [INFO] o.s.s..main [Thread-1] [httpHandlers] GET /api/stations response formatted
2025-10-16 23:49:50 [INFO] o.s.s..main [Thread-1] [index API] httpServer is created
2025-10-16 23:49:50 [INFO] o.s.s..main [Thread-1] [httpHandlers] Access-Control allow methods : GET, POST; allow headers Content-Type, Authorization
2025-10-16 23:49:50 [INFO] o.s.s..main [Thread-1] [httpHandlers] GET /api/stations response formatted
2025-10-16 23:49:51 [INFO] o.s.s..main [Thread-1] [index API] httpServer is created
2025-10-16 23:49:51 [INFO] o.s.s..main [Thread-1] [httpHandlers] Access-Control allow methods : GET, POST; allow headers Content-Type, Authorization
2025-10-16 23:49:51 [INFO] o.s.s..main [Thread-1] [httpHandlers], request method OPTIONS
2025-10-16 23:49:51 [INFO] o.s.s..main [Thread-1] [index API] httpServer is created
2025-10-16 23:49:51 [INFO] o.s.s..main [Thread-1] [httpHandlers] Access-Control allow methods : GET, POST; allow headers Content-Type, Authorization
2025-10-16 23:49:52 [INFO] o.s.s..main [Thread-1] [index API] httpServer is created
2025-10-16 23:49:52 [INFO] o.s.s..main [Thread-1] [httpHandlers] Access-Control allow methods : GET, POST; allow headers Content-Type, Authorization
2025-10-16 23:49:52 [INFO] o.s.s..main [Thread-1] [index API] httpServer is created
2025-10-16 23:49:52 [INFO] o.s.s..main [Thread-1] [httpHandlers] Access-Control allow methods : GET, POST; allow headers Content-Type, Authorization
2025-10-16 23:49:52 [INFO] o.s.s..main [Thread-1] [index API] httpServer is created
2025-10-16 23:49:52 [INFO] o.s.s..main [Thread-1] [httpHandlers] Access-Control allow methods : GET, POST; allow headers Content-Type, Authorization
2025-10-16 23:49:53 [INFO] o.s.s..main [Thread-1] [index API] httpServer is created
2025-10-16 23:49:53 [INFO] o.s.s..main [Thread-1] [httpHandlers] Access-Control allow methods : GET, POST; allow headers Content-Type, Authorization
2025-10-16 23:49:53 [INFO] o.s.s..main [Thread-1] [httpHandlers] GET /api/stations response formatted
