2025-10-22 00:01:09 [INFO] o.s.s..main [Thread-1] [index API] httpServer is created
2025-10-22 00:01:09 [INFO] o.s.s..main [Thread-1] [HTTP] DELETE /api/transactions/recent/22222 from ::1
2025-10-22 00:01:09 [INFO] o.s.s..main [Thread-1] [API] Deleting transaction: 22222
2025-10-22 00:01:09 [INFO] o.s.s..main [Thread-1] [ConnectionManager] Deleted transaction 22222 from recent transactions
2025-10-22 00:01:09 [INFO] o.s.s..main [Thread-1] [API] Transaction 22222 deleted from recentTransactions
2025-10-22 00:01:17 [INFO] o.s.s..main [Thread-1] [index API] httpServer is created
2025-10-22 00:01:17 [INFO] o.s.s..main [Thread-1] [HTTP] GET /api/transactions/recent from ::1
2025-10-22 00:01:17 [INFO] o.s.s..main [Thread-1] [API] /api/transactions/recent returned 3 transactions (limit: 10)
2025-10-22 00:01:28 [INFO] o.s.s..main [Thread-1] [index API] httpServer is created
2025-10-22 00:01:28 [INFO] o.s.s..main [Thread-1] [HTTP] DELETE /api/transactions/recent/delete from ::1
2025-10-22 00:01:28 [INFO] o.s.s..main [Thread-1] [ConnectionManager] Cleared 3 recent transactions from memory
2025-10-22 00:01:28 [INFO] o.s.s..main [Thread-1] [API] /api/transactions/recent DELETE cleared 3 transactions from memory
2025-10-22 00:01:34 [INFO] o.s.s..main [Thread-1] [index API] httpServer is created
2025-10-22 00:01:34 [INFO] o.s.s..main [Thread-1] [HTTP] GET /api/transactions/recent from ::1
2025-10-22 00:01:34 [INFO] o.s.s..main [Thread-1] [API] /api/transactions/recent returned 0 transactions (limit: 10)
2025-10-22 00:01:52 [INFO] o.s.s..main [Thread-1] [index API] httpServer is created
2025-10-22 00:01:52 [INFO] o.s.s..main [Thread-1] [HTTP] POST /api/transactions/recent from ::1
2025-10-22 00:01:52 [INFO] o.s.s..main [Thread-1] [ConnectionManager] Added completed transaction 44444 to recent list
2025-10-22 00:01:52 [INFO] o.s.s..main [Thread-1] [API] Manually added transaction 44444
2025-10-22 00:02:36 [INFO] o.s.s..main [Thread-1] [index API] httpServer is created
2025-10-22 00:02:36 [INFO] o.s.s..main [Thread-1] [HTTP] POST /api/transactions/recent from ::1
2025-10-22 00:02:36 [INFO] o.s.s..main [Thread-1] [ConnectionManager] Added completed transaction 55555 to recent list
2025-10-22 00:02:36 [INFO] o.s.s..main [Thread-1] [API] Manually added transaction 55555
2025-10-22 00:03:11 [INFO] o.s.s..main [Thread-1] [index API] httpServer is created
2025-10-22 00:03:11 [INFO] o.s.s..main [Thread-1] [HTTP] DELETE /api/transactions/recent/44444 from ::1
2025-10-22 00:03:11 [INFO] o.s.s..main [Thread-1] [API] Deleting transaction: 44444
2025-10-22 00:03:11 [INFO] o.s.s..main [Thread-1] [ConnectionManager] Deleted transaction 44444 from recent transactions
2025-10-22 00:03:11 [INFO] o.s.s..main [Thread-1] [API] Transaction 44444 deleted from recentTransactions
2025-10-22 00:06:01 [INFO] o.s.s..main [Thread-1] [index API] httpServer is created
2025-10-22 00:06:01 [INFO] o.s.s..main [Thread-1] [HTTP] GET /api/transactions/recent from ::1
2025-10-22 00:06:01 [INFO] o.s.s..main [Thread-1] [API] /api/transactions/recent returned 1 transactions (limit: 10)
2025-10-22 00:06:48 [INFO] o.s.s..main [Thread-1] [index API] httpServer is created
2025-10-22 00:06:48 [INFO] o.s.s..main [Thread-1] [HTTP] GET /api/stations from ::1
2025-10-22 00:06:48 [INFO] o.s.s..main [Thread-1] [httpHandlers] GET /api/stations response formatted (only active stations)
2025-10-22 00:10:04 [INFO] o.s.s..main [Thread-1] [ConnectionManager] Initialized with in-memory transaction storage (max 10)
2025-10-22 00:10:04 [INFO] o.s.s..main [Thread-1] [wsServer] Creating WebSocket server...
2025-10-22 00:10:04 [INFO] o.s.s..main [Thread-1] [wsServer] WebSocket server instance created
2025-10-22 00:10:04 [INFO] o.s.s..main [Thread-1] [wsServer] WebSocket server setup complete
2025-10-22 00:10:04 [INFO] o.s.s..main [Thread-1] [mongo] MongoDB connected!
2025-10-22 00:10:04 [INFO] o.s.s..main [Thread-1] [MONGO] MongoDB connected
2025-10-22 00:10:04 [INFO] o.s.s..main [Thread-1] [POSTGRES] PostgreSQL connected
2025-10-22 00:10:04 [INFO] o.s.s..main [Thread-1] [HTTP_SERVER] Starting HTTP server...
2025-10-22 00:10:04 [ERROR] o.s.s..main [Thread-1] [wsServer] Error: listen EADDRINUSE: address already in use :::8081
2025-10-22 00:10:04 [ERROR] o.s.s..main [Thread-1] [HTTP_SERVER] Error: listen EADDRINUSE: address already in use :::8081
2025-10-22 00:10:19 [INFO] o.s.s..main [Thread-1] [SHUTDOWN] Received SIGINT. Initiating graceful shutdown...
2025-10-22 00:10:20 [INFO] o.s.s..main [Thread-1] [SHUTDOWN] Received SIGTERM. Initiating graceful shutdown...
2025-10-22 00:10:37 [INFO] o.s.s..main [Thread-1] [ConnectionManager] Initialized with in-memory transaction storage (max 10)
2025-10-22 00:10:37 [INFO] o.s.s..main [Thread-1] [wsServer] Creating WebSocket server...
2025-10-22 00:10:37 [INFO] o.s.s..main [Thread-1] [wsServer] WebSocket server instance created
2025-10-22 00:10:37 [INFO] o.s.s..main [Thread-1] [wsServer] WebSocket server setup complete
2025-10-22 00:10:37 [INFO] o.s.s..main [Thread-1] [mongo] MongoDB connected!
2025-10-22 00:10:37 [INFO] o.s.s..main [Thread-1] [MONGO] MongoDB connected
2025-10-22 00:10:37 [INFO] o.s.s..main [Thread-1] [POSTGRES] PostgreSQL connected
2025-10-22 00:10:37 [INFO] o.s.s..main [Thread-1] [HTTP_SERVER] Starting HTTP server...
2025-10-22 00:10:37 [INFO] o.s.s..main [Thread-1] [MAIN] CSMS Server fully initialized on port 8081
2025-10-22 00:10:56 [INFO] o.s.s..main [Thread-1] [SHUTDOWN] Received SIGINT. Initiating graceful shutdown...
2025-10-22 00:11:05 [INFO] o.s.s..main [Thread-1] [ConnectionManager] Initialized with in-memory transaction storage (max 10)
2025-10-22 00:11:05 [INFO] o.s.s..main [Thread-1] [wsServer] Creating WebSocket server...
2025-10-22 00:11:05 [INFO] o.s.s..main [Thread-1] [wsServer] WebSocket server instance created
2025-10-22 00:11:05 [INFO] o.s.s..main [Thread-1] [wsServer] WebSocket server setup complete
2025-10-22 00:11:05 [INFO] o.s.s..main [Thread-1] [mongo] MongoDB connected!
2025-10-22 00:11:05 [INFO] o.s.s..main [Thread-1] [MONGO] MongoDB connected
2025-10-22 00:11:06 [INFO] o.s.s..main [Thread-1] [POSTGRES] PostgreSQL connected
2025-10-22 00:11:06 [INFO] o.s.s..main [Thread-1] [HTTP_SERVER] Starting HTTP server...
2025-10-22 00:11:06 [INFO] o.s.s..main [Thread-1] [MAIN] CSMS Server fully initialized on port 8081
2025-10-22 00:11:19 [INFO] o.s.s..main [Thread-1] [SHUTDOWN] Received SIGINT. Initiating graceful shutdown...
2025-10-22 00:13:26 [INFO] o.s.s..main [Thread-1] [ConnectionManager] Initialized with in-memory transaction storage (max 10)
2025-10-22 00:13:26 [INFO] o.s.s..main [Thread-1] [wsServer] Creating WebSocket server...
2025-10-22 00:13:26 [INFO] o.s.s..main [Thread-1] [wsServer] WebSocket server instance created
2025-10-22 00:13:26 [INFO] o.s.s..main [Thread-1] [wsServer] WebSocket server setup complete
2025-10-22 00:13:26 [INFO] o.s.s..main [Thread-1] [mongo] MongoDB connected!
2025-10-22 00:13:26 [INFO] o.s.s..main [Thread-1] [MONGO] MongoDB connected
2025-10-22 00:13:27 [INFO] o.s.s..main [Thread-1] [POSTGRES] PostgreSQL connected
2025-10-22 00:13:27 [INFO] o.s.s..main [Thread-1] [HTTP_SERVER] Starting HTTP server...
2025-10-22 00:13:27 [INFO] o.s.s..main [Thread-1] [MAIN] CSMS Server fully initialized on port 8081
2025-10-22 00:13:44 [INFO] o.s.s..main [Thread-1] [index API] httpServer is created
2025-10-22 00:13:44 [INFO] o.s.s..main [Thread-1] [HTTP] POST /api/admin/remote-start-session from ::1
2025-10-22 00:13:44 [INFO] o.s.s..main [Thread-1] [API] Station MOBILE_STATION_1 is offline, creating simulated transaction
2025-10-22 00:13:44 [INFO] o.s.s..main [Thread-1] [ConnectionManager] Added completed transaction 848320 to recent list
2025-10-22 00:13:56 [INFO] o.s.s..main [Thread-1] [index API] httpServer is created
2025-10-22 00:13:56 [INFO] o.s.s..main [Thread-1] [HTTP] POST /api/admin/remote-stop-session from ::1
2025-10-22 00:13:56 [INFO] o.s.s..main [Thread-1] [API] Station MOBILE_STATION_1 is offline, completing simulated transaction 848320
2025-10-22 00:17:03 [INFO] o.s.s..main [Thread-1] [SHUTDOWN] Received SIGINT. Initiating graceful shutdown...
