2025-10-24 20:00:40 [INFO] o.s.s..main [Thread-1] [ConnectionManager] Initialized with in-memory transaction storage (max 10)
2025-10-24 20:00:40 [INFO] o.s.s..main [Thread-1] [wsServer] Creating WebSocket server...
2025-10-24 20:00:40 [INFO] o.s.s..main [Thread-1] [wsServer] WebSocket server instance created
2025-10-24 20:00:40 [INFO] o.s.s..main [Thread-1] [wsServer] WebSocket server setup complete
2025-10-24 20:00:40 [INFO] o.s.s..main [Thread-1] [mongo] MongoDB connected!
2025-10-24 20:00:40 [INFO] o.s.s..main [Thread-1] [MONGO] MongoDB connected
2025-10-24 20:00:40 [INFO] o.s.s..main [Thread-1] [POSTGRES] PostgreSQL connected
2025-10-24 20:00:40 [INFO] o.s.s..main [Thread-1] [HTTP_SERVER] Starting HTTP server...
2025-10-24 20:00:40 [INFO] o.s.s..main [Thread-1] [MAIN] CSMS Server fully initialized on port 8081 and listening on all interfaces (0.0.0.0)
2025-10-24 20:00:40 [INFO] o.s.s..main [Thread-1] [MAIN] External IP: 193.29.139.202
2025-10-24 20:00:40 [INFO] o.s.s..main [Thread-1] [MAIN] Local IP: 192.168.88.54
2025-10-24 20:00:40 [INFO] o.s.s..main [Thread-1] [MAIN] Ready for charge point connections
2025-10-24 20:26:45 [INFO] o.s.s..main [Thread-1] [SHUTDOWN] Received SIGINT. Initiating graceful shutdown...
2025-10-24 20:27:40 [INFO] o.s.s..main [Thread-1] [ConnectionManager] Initialized with in-memory transaction storage (max 10)
2025-10-24 20:27:40 [INFO] o.s.s..main [Thread-1] [wsServer] Creating WebSocket server...
2025-10-24 20:27:40 [INFO] o.s.s..main [Thread-1] [wsServer] WebSocket server instance created
2025-10-24 20:27:40 [INFO] o.s.s..main [Thread-1] [wsServer] WebSocket server setup complete
2025-10-24 20:27:40 [INFO] o.s.s..main [Thread-1] [mongo] MongoDB connected!
2025-10-24 20:27:40 [INFO] o.s.s..main [Thread-1] [MONGO] MongoDB connected
2025-10-24 20:27:40 [INFO] o.s.s..main [Thread-1] [POSTGRES] PostgreSQL connected
2025-10-24 20:27:40 [INFO] o.s.s..main [Thread-1] [HTTP_SERVER] Starting HTTP server...
2025-10-24 20:27:40 [INFO] o.s.s..main [Thread-1] [MAIN] CSMS Server fully initialized on port 8081 and listening on all interfaces (0.0.0.0)
2025-10-24 20:27:40 [INFO] o.s.s..main [Thread-1] [MAIN] External IP: 193.29.139.202
2025-10-24 20:27:40 [INFO] o.s.s..main [Thread-1] [MAIN] Local IP: 192.168.88.54
2025-10-24 20:27:40 [INFO] o.s.s..main [Thread-1] [MAIN] Ready for charge point connections
2025-10-24 20:29:40 [INFO] o.s.s..main [Thread-1] [SHUTDOWN] Received SIGINT. Initiating graceful shutdown...
2025-10-24 20:32:22 [INFO] o.s.s..main [Thread-1] [ConnectionManager] Initialized with in-memory transaction storage (max 10)
2025-10-24 20:32:22 [INFO] o.s.s..main [Thread-1] [wsServer] Creating WebSocket server...
2025-10-24 20:32:22 [INFO] o.s.s..main [Thread-1] [wsServer] WebSocket server instance created
2025-10-24 20:32:22 [INFO] o.s.s..main [Thread-1] [wsServer] WebSocket server setup complete
2025-10-24 20:32:22 [INFO] o.s.s..main [Thread-1] [mongo] MongoDB connected!
2025-10-24 20:32:22 [INFO] o.s.s..main [Thread-1] [MONGO] MongoDB connected
2025-10-24 20:32:22 [INFO] o.s.s..main [Thread-1] [POSTGRES] PostgreSQL connected
2025-10-24 20:32:22 [INFO] o.s.s..main [Thread-1] [HTTP_SERVER] Starting HTTP server...
2025-10-24 20:32:22 [INFO] o.s.s..main [Thread-1] [MAIN] CSMS Server fully initialized on port 8081 and listening on all interfaces (0.0.0.0)
2025-10-24 20:32:22 [INFO] o.s.s..main [Thread-1] [MAIN] External IP: 193.29.139.202
2025-10-24 20:32:22 [INFO] o.s.s..main [Thread-1] [MAIN] Local IP: 192.168.88.54
2025-10-24 20:32:22 [INFO] o.s.s..main [Thread-1] [MAIN] Ready for charge point connections
2025-10-24 20:33:19 [INFO] o.s.s..main [Thread-1] [SHUTDOWN] Received SIGINT. Initiating graceful shutdown...
2025-10-24 20:34:09 [INFO] o.s.s..main [Thread-1] [ConnectionManager] Initialized with in-memory transaction storage (max 10)
2025-10-24 20:34:09 [INFO] o.s.s..main [Thread-1] [wsServer] Creating WebSocket server...
2025-10-24 20:34:09 [INFO] o.s.s..main [Thread-1] [wsServer] WebSocket server instance created
2025-10-24 20:34:09 [INFO] o.s.s..main [Thread-1] [wsServer] WebSocket server setup complete
2025-10-24 20:34:09 [INFO] o.s.s..main [Thread-1] [mongo] MongoDB connected!
2025-10-24 20:34:09 [INFO] o.s.s..main [Thread-1] [MONGO] MongoDB connected
2025-10-24 20:34:09 [INFO] o.s.s..main [Thread-1] [POSTGRES] PostgreSQL connected
2025-10-24 20:34:09 [INFO] o.s.s..main [Thread-1] [HTTP_SERVER] Starting HTTP server...
2025-10-24 20:34:09 [INFO] o.s.s..main [Thread-1] [MAIN] CSMS Server fully initialized on port 8081 and listening on all interfaces (0.0.0.0)
2025-10-24 20:34:09 [INFO] o.s.s..main [Thread-1] [MAIN] External IP: 193.29.139.202
2025-10-24 20:34:09 [INFO] o.s.s..main [Thread-1] [MAIN] Local IP: 192.168.88.54
2025-10-24 20:34:09 [INFO] o.s.s..main [Thread-1] [MAIN] Ready for charge point connections
2025-10-24 20:34:22 [INFO] o.s.s..main [Thread-1] [CONNECTION] New connection: /ws
2025-10-24 20:34:22 [INFO] o.s.s..main [Thread-1] [CONNECTION] Headers: {"sec-websocket-version":"13","sec-websocket-key":"UScGaY+zxCL8EEI66Hfs2Q==","connection":"Upgrade","upgrade":"websocket","sec-websocket-extensions":"permessage-deflate; client_max_window_bits","host":"localhost:8081"}
2025-10-24 20:34:22 [INFO] o.s.s..main [Thread-1] [CONNECTION] ChargePoint ID: ws
2025-10-24 20:34:22 [INFO] o.s.s..main [Thread-1] [AddConnection] Added connection for ws (connectors will be auto-initialized from StatusNotification)
2025-10-24 20:34:22 [INFO] o.s.s..main [Thread-1] [wsServer] CS added to the connection manager - ws
2025-10-24 20:34:22 [INFO] o.s.s..main [Thread-1] [CONNECTION] Successfully setup connection for ws
2025-10-24 20:34:22 [INFO] o.s.s..main [Thread-1] [MESSAGE] json received from ws
2025-10-24 20:34:22 [INFO] o.s.s..main [Thread-1] [RAW_TEXT] from ws: {"id":"test-auth-001","action":"auth","params":{"apiKey":"test-mobile-key-123"}}
2025-10-24 20:34:22 [INFO] o.s.s..main [Thread-1] [MessageRouter] WebSocket API request from ws
2025-10-24 20:34:22 [INFO] o.s.s..main [Thread-1] [WS-API:ACTION] auth (id: test-auth-001)
2025-10-24 20:34:23 [INFO] o.s.s..main [Thread-1] [WS-API:ACTION] Success response test-auth-001
2025-10-24 20:34:23 [INFO] o.s.s..main [Thread-1] [MESSAGE] json received from ws
2025-10-24 20:34:23 [INFO] o.s.s..main [Thread-1] [RAW_TEXT] from ws: {"id":"test-stations-001","action":"getStations"}
2025-10-24 20:34:23 [INFO] o.s.s..main [Thread-1] [MessageRouter] WebSocket API request from ws
2025-10-24 20:34:23 [INFO] o.s.s..main [Thread-1] [WS-API:ACTION] getStations (id: test-stations-001)
2025-10-24 20:34:23 [INFO] o.s.s..main [Thread-1] [WS-API:ACTION] Success response test-stations-001
2025-10-24 20:34:23 [INFO] o.s.s..main [Thread-1] [CLOSE] Disconnected: ws, code: 1005, reason: 
2025-10-24 20:34:23 [INFO] o.s.s..main [Thread-1] [Heartbeat] Set lastOffline for ws: Fri Oct 24 2025 20:34:23 GMT+0300 (Moscow Standard Time)
2025-10-24 20:35:23 [WARN] o.s.s..main [Thread-1] [RECONNECT] 60000ms passed since disconnect of ws. If the station supports outbound, attempt reconnect from station. Server will accept.
2025-10-24 22:16:54 [INFO] o.s.s..main [Thread-1] [ConnectionManager] Initialized with in-memory transaction storage (max 10)
2025-10-24 22:16:54 [INFO] o.s.s..main [Thread-1] [wsServer] Creating WebSocket server...
2025-10-24 22:16:54 [INFO] o.s.s..main [Thread-1] [wsServer] WebSocket server instance created
2025-10-24 22:16:54 [INFO] o.s.s..main [Thread-1] [wsServer] WebSocket server setup complete
2025-10-24 22:16:54 [INFO] o.s.s..main [Thread-1] [mongo] MongoDB connected!
2025-10-24 22:16:54 [INFO] o.s.s..main [Thread-1] [MONGO] MongoDB connected
2025-10-24 22:16:54 [ERROR] o.s.s..main [Thread-1] [MAIN] Failed to initialize server: AggregateError
2025-10-24 22:21:06 [INFO] o.s.s..main [Thread-1] [ConnectionManager] Initialized with in-memory transaction storage (max 10)
2025-10-24 22:21:06 [INFO] o.s.s..main [Thread-1] [wsServer] Creating WebSocket server...
2025-10-24 22:21:06 [INFO] o.s.s..main [Thread-1] [wsServer] WebSocket server instance created
2025-10-24 22:21:06 [INFO] o.s.s..main [Thread-1] [wsServer] WebSocket server setup complete
2025-10-24 22:21:06 [INFO] o.s.s..main [Thread-1] [mongo] MongoDB connected!
2025-10-24 22:21:06 [INFO] o.s.s..main [Thread-1] [MONGO] MongoDB connected
2025-10-24 22:21:06 [ERROR] o.s.s..main [Thread-1] [MAIN] Failed to initialize server: AggregateError
2025-10-24 22:26:05 [INFO] o.s.s..main [Thread-1] [ConnectionManager] Initialized with in-memory transaction storage (max 10)
2025-10-24 22:26:05 [INFO] o.s.s..main [Thread-1] [wsServer] Creating WebSocket server...
2025-10-24 22:26:05 [INFO] o.s.s..main [Thread-1] [wsServer] WebSocket server instance created
2025-10-24 22:26:05 [INFO] o.s.s..main [Thread-1] [wsServer] WebSocket server setup complete
2025-10-24 22:26:05 [INFO] o.s.s..main [Thread-1] [mongo] MongoDB connected!
2025-10-24 22:26:05 [INFO] o.s.s..main [Thread-1] [MONGO] MongoDB connected
2025-10-24 22:26:05 [ERROR] o.s.s..main [Thread-1] [MAIN] Failed to initialize server: AggregateError
