2025-10-10 00:48:37 [INFO] o.s.s..main [Thread-1] [wsServer] Creating WebSocket server...
2025-10-10 00:48:37 [INFO] o.s.s..main [Thread-1] [wsServer] WebSocket server instance created
2025-10-10 00:48:37 [INFO] o.s.s..main [Thread-1] [wsServer] WebSocket server setup complete
2025-10-10 00:48:37 [INFO] o.s.s..main [Thread-1] [mongo] MongoDB connected!
2025-10-10 00:48:37 [INFO] o.s.s..main [Thread-1] [HTTP_SERVER] Starting HTTP server...
2025-10-10 00:48:37 [INFO] o.s.s..main [Thread-1] [MAIN] CSMS Server fully initialized on port 8081
2025-10-10 00:48:54 [INFO] o.s.s..main [Thread-1] [SHUTDOWN] Received SIGINT. Initiating closing connection
2025-10-10 16:14:30 [INFO] o.s.s..main [Thread-1] [wsServer] Creating WebSocket server...
2025-10-10 16:14:30 [INFO] o.s.s..main [Thread-1] [wsServer] WebSocket server instance created
2025-10-10 16:14:30 [INFO] o.s.s..main [Thread-1] [wsServer] WebSocket server setup complete
2025-10-10 16:14:30 [INFO] o.s.s..main [Thread-1] [mongo] MongoDB connected!
2025-10-10 16:14:30 [INFO] o.s.s..main [Thread-1] [HTTP_SERVER] Starting HTTP server...
2025-10-10 16:14:30 [INFO] o.s.s..main [Thread-1] [MAIN] CSMS Server fully initialized on port 8081
2025-10-10 16:14:33 [INFO] o.s.s..main [Thread-1] [SHUTDOWN] Received SIGINT. Initiating closing connection
2025-10-10 16:14:52 [INFO] o.s.s..main [Thread-1] [wsServer] Creating WebSocket server...
2025-10-10 16:14:52 [INFO] o.s.s..main [Thread-1] [wsServer] WebSocket server instance created
2025-10-10 16:14:52 [INFO] o.s.s..main [Thread-1] [wsServer] WebSocket server setup complete
2025-10-10 16:14:52 [INFO] o.s.s..main [Thread-1] [mongo] MongoDB connected!
2025-10-10 16:14:52 [INFO] o.s.s..main [Thread-1] [HTTP_SERVER] Starting HTTP server...
2025-10-10 16:14:52 [INFO] o.s.s..main [Thread-1] [MAIN] CSMS Server fully initialized on port 8081
2025-10-10 16:15:10 [INFO] o.s.s..main [Thread-1] [CONNECTION] New connection: /?chargeBoxIdentity=CP_TEST
2025-10-10 16:15:10 [INFO] o.s.s..main [Thread-1] [CONNECTION] Headers: {"sec-websocket-version":"13","sec-websocket-key":"AbeUJlhGMTKWlLmnRyI+2A==","connection":"Upgrade","upgrade":"websocket","sec-websocket-extensions":"permessage-deflate; client_max_window_bits","host":"localhost:8081"}
2025-10-10 16:15:10 [INFO] o.s.s..main [Thread-1] [CONNECTION] ChargePoint ID: CP_TEST
2025-10-10 16:15:10 [INFO] o.s.s..main [Thread-1] [AddConnection] Initialized default connector states for CP_TEST
2025-10-10 16:15:10 [INFO] o.s.s..main [Thread-1] [wsServer] CS added to the connection manager - CP_TEST
2025-10-10 16:15:10 [INFO] o.s.s..main [Thread-1] [CONNECTION] Successfully setup connection for CP_TEST
2025-10-10 16:15:10 [INFO] o.s.s..main [Thread-1] [MESSAGE] json received from CP_TEST
2025-10-10 16:15:10 [INFO] o.s.s..main [Thread-1] [MessageRouter] from CP_TEST Received request: BootNotification
2025-10-10 16:15:10 [INFO] o.s.s..main [Thread-1] [connectorManager] cinitializeConnectors: 1 connectors for CP_TEST
2025-10-10 16:15:10 [INFO] o.s.s..main [Thread-1] Boot from CP_TEST:
      Vendor: VendorTest
      Model: ModelTest 
      Point serial number: string
      Box serial number: 503 
      Firmware: 1.0 
      iccid: testiccid 
      imsi: testimsi 
      Meter type: neteryest 
      Meter serial number: string 
      saved to MongoDB
2025-10-10 16:15:10 [INFO] o.s.s..main [Thread-1] [BootNotification Handled] response={"currentTime":"2025-10-10T13:15:10.454Z","interval":60,"status":"Accepted"}
2025-10-10 16:15:10 [INFO] o.s.s..main [Thread-1] [MeesageRouter] Response Sent type 3 to CP_TEST: {"currentTime":"2025-10-10T13:15:10.454Z","interval":60,"status":"Accepted"}
2025-10-10 16:15:12 [INFO] o.s.s..main [Thread-1] [MESSAGE] json received from CP_TEST
2025-10-10 16:15:12 [INFO] o.s.s..main [Thread-1] [MessageRouter] from CP_TEST Received request: Authorize
2025-10-10 16:15:12 [INFO] o.s.s..main [Thread-1] Authorize from CP_TEST: USER_123
2025-10-10 16:15:12 [INFO] o.s.s..main [Thread-1] [Authorize Handled] response={"idTagInfo":{"status":"Accepted"}}
2025-10-10 16:15:12 [INFO] o.s.s..main [Thread-1] [MeesageRouter] Response Sent type 3 to CP_TEST: {"idTagInfo":{"status":"Accepted"}}
2025-10-10 16:15:12 [INFO] o.s.s..main [Thread-1] [MESSAGE] json received from CP_TEST
2025-10-10 16:15:12 [INFO] o.s.s..main [Thread-1] [MessageRouter] from CP_TEST Received request: StatusNotification
2025-10-10 16:15:12 [INFO] o.s.s..main [Thread-1] [UpdatedConnector] 1 for CP_TEST: Preparing
2025-10-10 16:15:12 [INFO] o.s.s..main [Thread-1] [StatusNotification] CP_TEST connector 1 - Preparing
2025-10-10 16:15:12 [INFO] o.s.s..main [Thread-1] [StatusNotification Handled] response={}
2025-10-10 16:15:12 [INFO] o.s.s..main [Thread-1] [MeesageRouter] Response Sent type 3 to CP_TEST: {}
2025-10-10 16:15:13 [INFO] o.s.s..main [Thread-1] [MESSAGE] json received from CP_TEST
2025-10-10 16:15:13 [INFO] o.s.s..main [Thread-1] [MessageRouter] from CP_TEST Received request: StatusNotification
2025-10-10 16:15:13 [INFO] o.s.s..main [Thread-1] [UpdatedConnector] 2 for CP_TEST: Preparing
2025-10-10 16:15:13 [INFO] o.s.s..main [Thread-1] [StatusNotification] CP_TEST connector 2 - Preparing
2025-10-10 16:15:13 [INFO] o.s.s..main [Thread-1] [StatusNotification Handled] response={}
2025-10-10 16:15:13 [INFO] o.s.s..main [Thread-1] [MeesageRouter] Response Sent type 3 to CP_TEST: {}
2025-10-10 16:15:14 [INFO] o.s.s..main [Thread-1] [MESSAGE] json received from CP_TEST
2025-10-10 16:15:14 [INFO] o.s.s..main [Thread-1] [MessageRouter] from CP_TEST Received request: StatusNotification
2025-10-10 16:15:14 [INFO] o.s.s..main [Thread-1] [UpdatedConnector] 3 for CP_TEST: Preparing
2025-10-10 16:15:14 [INFO] o.s.s..main [Thread-1] [StatusNotification] CP_TEST connector 3 - Preparing
2025-10-10 16:15:14 [INFO] o.s.s..main [Thread-1] [StatusNotification Handled] response={}
2025-10-10 16:15:14 [INFO] o.s.s..main [Thread-1] [MeesageRouter] Response Sent type 3 to CP_TEST: {}
2025-10-10 16:15:15 [INFO] o.s.s..main [Thread-1] [MESSAGE] json received from CP_TEST
2025-10-10 16:15:15 [INFO] o.s.s..main [Thread-1] [MessageRouter] from CP_TEST Received request: StatusNotification
2025-10-10 16:15:15 [INFO] o.s.s..main [Thread-1] [UpdatedConnector] 4 for CP_TEST: Preparing
2025-10-10 16:15:15 [INFO] o.s.s..main [Thread-1] [StatusNotification] CP_TEST connector 4 - Preparing
2025-10-10 16:15:15 [INFO] o.s.s..main [Thread-1] [StatusNotification Handled] response={}
2025-10-10 16:15:15 [INFO] o.s.s..main [Thread-1] [MeesageRouter] Response Sent type 3 to CP_TEST: {}
2025-10-10 16:15:16 [INFO] o.s.s..main [Thread-1] [MESSAGE] json received from CP_TEST
2025-10-10 16:15:16 [INFO] o.s.s..main [Thread-1] [MessageRouter] from CP_TEST Received request: StartTransaction
2025-10-10 16:15:16 [INFO] o.s.s..main [Thread-1] Start tx from CP_TEST: id 1760102116473, connector 1
2025-10-10 16:15:16 [INFO] o.s.s..main [Thread-1] [UpdatedConnector] 1 for CP_TEST: Charging (transaction id: 1760102116473)
2025-10-10 16:15:16 [INFO] o.s.s..main [Thread-1] [StartTransaction Handled] response={"transactionId":1760102116473,"idTagInfo":{"status":"Accepted"}}
2025-10-10 16:15:16 [INFO] o.s.s..main [Thread-1] [MeesageRouter] Response Sent type 3 to CP_TEST: {"transactionId":1760102116473,"idTagInfo":{"status":"Accepted"}}
2025-10-10 16:15:16 [INFO] o.s.s..main [Thread-1] [MESSAGE] json received from CP_TEST
2025-10-10 16:15:16 [INFO] o.s.s..main [Thread-1] [MessageRouter] from CP_TEST Received request: MeterValues
2025-10-10 16:15:16 [INFO] o.s.s..main [Thread-1] Meter from CP_TEST: 1500 kWh
2025-10-10 16:15:16 [INFO] o.s.s..main [Thread-1] [MeterValues Handled] response={}
2025-10-10 16:15:16 [INFO] o.s.s..main [Thread-1] [MeesageRouter] Response Sent type 3 to CP_TEST: {}
2025-10-10 16:15:18 [INFO] o.s.s..main [Thread-1] [MESSAGE] json received from CP_TEST
2025-10-10 16:15:18 [INFO] o.s.s..main [Thread-1] [MessageRouter] from CP_TEST Received request: MeterValues
2025-10-10 16:15:18 [INFO] o.s.s..main [Thread-1] Meter from CP_TEST: 2000 kWh
2025-10-10 16:15:18 [INFO] o.s.s..main [Thread-1] [MeterValues Handled] response={}
2025-10-10 16:15:18 [INFO] o.s.s..main [Thread-1] [MeesageRouter] Response Sent type 3 to CP_TEST: {}
2025-10-10 16:15:20 [INFO] o.s.s..main [Thread-1] [MESSAGE] json received from CP_TEST
2025-10-10 16:15:20 [INFO] o.s.s..main [Thread-1] [MessageRouter] from CP_TEST Received request: MeterValues
2025-10-10 16:15:20 [INFO] o.s.s..main [Thread-1] Meter from CP_TEST: 2500 kWh
2025-10-10 16:15:20 [INFO] o.s.s..main [Thread-1] [MeterValues Handled] response={}
2025-10-10 16:15:20 [INFO] o.s.s..main [Thread-1] [MeesageRouter] Response Sent type 3 to CP_TEST: {}
2025-10-10 16:15:22 [INFO] o.s.s..main [Thread-1] [MESSAGE] json received from CP_TEST
2025-10-10 16:15:22 [INFO] o.s.s..main [Thread-1] [MessageRouter] from CP_TEST Received request: StatusNotification
2025-10-10 16:15:22 [INFO] o.s.s..main [Thread-1] [UpdatedConnector] 1 for CP_TEST: Available
2025-10-10 16:15:22 [INFO] o.s.s..main [Thread-1] [StatusNotification] CP_TEST connector 1 - Available
2025-10-10 16:15:22 [INFO] o.s.s..main [Thread-1] [StatusNotification Handled] response={}
2025-10-10 16:15:22 [INFO] o.s.s..main [Thread-1] [MeesageRouter] Response Sent type 3 to CP_TEST: {}
2025-10-10 16:15:23 [INFO] o.s.s..main [Thread-1] [MESSAGE] json received from CP_TEST
2025-10-10 16:15:23 [INFO] o.s.s..main [Thread-1] [MessageRouter] from CP_TEST Received request: StatusNotification
2025-10-10 16:15:23 [INFO] o.s.s..main [Thread-1] [UpdatedConnector] 2 for CP_TEST: Available
2025-10-10 16:15:23 [INFO] o.s.s..main [Thread-1] [StatusNotification] CP_TEST connector 2 - Available
2025-10-10 16:15:23 [INFO] o.s.s..main [Thread-1] [StatusNotification Handled] response={}
2025-10-10 16:15:23 [INFO] o.s.s..main [Thread-1] [MeesageRouter] Response Sent type 3 to CP_TEST: {}
2025-10-10 16:15:24 [INFO] o.s.s..main [Thread-1] [MESSAGE] json received from CP_TEST
2025-10-10 16:15:24 [INFO] o.s.s..main [Thread-1] [MessageRouter] from CP_TEST Received request: StatusNotification
2025-10-10 16:15:24 [INFO] o.s.s..main [Thread-1] [UpdatedConnector] 3 for CP_TEST: Available
2025-10-10 16:15:24 [INFO] o.s.s..main [Thread-1] [StatusNotification] CP_TEST connector 3 - Available
2025-10-10 16:15:24 [INFO] o.s.s..main [Thread-1] [StatusNotification Handled] response={}
2025-10-10 16:15:24 [INFO] o.s.s..main [Thread-1] [MeesageRouter] Response Sent type 3 to CP_TEST: {}
2025-10-10 16:15:25 [INFO] o.s.s..main [Thread-1] [MESSAGE] json received from CP_TEST
2025-10-10 16:15:25 [INFO] o.s.s..main [Thread-1] [MessageRouter] from CP_TEST Received request: StatusNotification
2025-10-10 16:15:25 [INFO] o.s.s..main [Thread-1] [UpdatedConnector] 4 for CP_TEST: Available
2025-10-10 16:15:25 [INFO] o.s.s..main [Thread-1] [StatusNotification] CP_TEST connector 4 - Available
2025-10-10 16:15:25 [INFO] o.s.s..main [Thread-1] [StatusNotification Handled] response={}
2025-10-10 16:15:25 [INFO] o.s.s..main [Thread-1] [MeesageRouter] Response Sent type 3 to CP_TEST: {}
2025-10-10 16:15:26 [INFO] o.s.s..main [Thread-1] [CLOSE] Disconnected: CP_TEST, code: 1005, reason: 
2025-10-10 16:15:26 [INFO] o.s.s..main [Thread-1] [Heartbeat] Set lastOffline for CP_TEST: Fri Oct 10 2025 16:15:26 GMT+0300 (Москва, стандартное время)
2025-10-10 16:27:04 [INFO] o.s.s..main [Thread-1] Metrics query for CP_001: from 1970-01-01T00:00:00.000Z to 2025-10-10T13:27:04.153Z, totalKWh=0.00
2025-10-10 16:27:04 [INFO] o.s.s..main [Thread-1] Metrics query for CP_001: from 2025-10-01T00:00:00.000Z to 2025-10-10T00:00:00.000Z, totalKWh=0.00
2025-10-10 16:27:04 [ERROR] o.s.s..main [Thread-1] Metrics query error for CP_001: RangeError: Invalid time value
2025-10-10 16:27:18 [INFO] o.s.s..main [Thread-1] Metrics query for CP_001: from 1970-01-01T00:00:00.000Z to 2025-10-10T13:27:18.121Z, totalKWh=0.00
2025-10-10 16:27:18 [INFO] o.s.s..main [Thread-1] Metrics query for CP_001: from 2025-10-01T00:00:00.000Z to 2025-10-10T00:00:00.000Z, totalKWh=0.00
2025-10-10 16:27:18 [ERROR] o.s.s..main [Thread-1] Metrics query error for CP_001: RangeError: Invalid time value
2025-10-10 16:27:27 [INFO] o.s.s..main [Thread-1] [SHUTDOWN] Received SIGINT. Initiating graceful shutdown...
2025-10-10 16:27:30 [INFO] o.s.s..main [Thread-1] [wsServer] Creating WebSocket server...
2025-10-10 16:27:30 [INFO] o.s.s..main [Thread-1] [wsServer] WebSocket server instance created
2025-10-10 16:27:30 [INFO] o.s.s..main [Thread-1] [wsServer] WebSocket server setup complete
2025-10-10 16:27:30 [INFO] o.s.s..main [Thread-1] [mongo] MongoDB connected!
2025-10-10 16:27:30 [INFO] o.s.s..main [Thread-1] [HTTP_SERVER] Starting HTTP server...
2025-10-10 16:27:30 [INFO] o.s.s..main [Thread-1] [MAIN] CSMS Server fully initialized on port 8081
2025-10-10 16:27:37 [INFO] o.s.s..main [Thread-1] Metrics query for CP_001: from 1970-01-01T00:00:00.000Z to 2025-10-10T13:27:37.081Z, totalKWh=0.00
2025-10-10 16:27:37 [INFO] o.s.s..main [Thread-1] Metrics query for CP_001: from 2025-10-01T00:00:00.000Z to 2025-10-10T00:00:00.000Z, totalKWh=0.00
2025-10-10 16:27:37 [ERROR] o.s.s..main [Thread-1] Metrics query error for CP_001: RangeError: Invalid time value
2025-10-10 16:27:53 [INFO] o.s.s..main [Thread-1] [SHUTDOWN] Received SIGINT. Initiating graceful shutdown...
2025-10-10 16:29:35 [INFO] o.s.s..main [Thread-1] [wsServer] Creating WebSocket server...
2025-10-10 16:29:35 [INFO] o.s.s..main [Thread-1] [wsServer] WebSocket server instance created
2025-10-10 16:29:35 [INFO] o.s.s..main [Thread-1] [wsServer] WebSocket server setup complete
2025-10-10 16:29:35 [INFO] o.s.s..main [Thread-1] [mongo] MongoDB connected!
2025-10-10 16:29:35 [INFO] o.s.s..main [Thread-1] [HTTP_SERVER] Starting HTTP server...
2025-10-10 16:29:35 [INFO] o.s.s..main [Thread-1] [MAIN] CSMS Server fully initialized on port 8081
2025-10-10 16:29:39 [INFO] o.s.s..main [Thread-1] Metrics query for CP_001: from 1970-01-01T00:00:00.000Z to 2025-10-10T13:29:39.648Z, totalKWh=0.00
2025-10-10 16:29:39 [INFO] o.s.s..main [Thread-1] Metrics query for CP_001: from 2025-10-01T00:00:00.000Z to 2025-10-10T00:00:00.000Z, totalKWh=0.00
2025-10-10 16:29:39 [ERROR] o.s.s..main [Thread-1] Metrics query error for CP_001: RangeError: Invalid time value
2025-10-10 16:36:14 [INFO] o.s.s..main [Thread-1] [SHUTDOWN] Received SIGINT. Initiating graceful shutdown...
2025-10-10 16:36:54 [INFO] o.s.s..main [Thread-1] [wsServer] Creating WebSocket server...
2025-10-10 16:36:54 [INFO] o.s.s..main [Thread-1] [wsServer] WebSocket server instance created
2025-10-10 16:36:54 [INFO] o.s.s..main [Thread-1] [wsServer] WebSocket server setup complete
2025-10-10 16:36:54 [INFO] o.s.s..main [Thread-1] [mongo] MongoDB connected!
2025-10-10 16:36:54 [INFO] o.s.s..main [Thread-1] [HTTP_SERVER] Starting HTTP server...
2025-10-10 16:36:54 [INFO] o.s.s..main [Thread-1] [MAIN] CSMS Server fully initialized on port 8081
2025-10-10 16:36:58 [INFO] o.s.s..main [Thread-1] Metrics query for CP_001: from 1970-01-01T00:00:00.000Z to 2025-10-10T13:36:58.784Z, totalKWh=0.00
2025-10-10 16:36:58 [INFO] o.s.s..main [Thread-1] Metrics query for CP_001: from 2025-10-01T00:00:00.000Z to 2025-10-10T00:00:00.000Z, totalKWh=0.00
2025-10-10 16:36:58 [INFO] o.s.s..main [Thread-1] Metrics query for CP_001: from 1970-01-01T00:00:00.000Z to 2025-10-10T00:00:00.000Z, totalKWh=0.00
2025-10-10 16:37:07 [INFO] o.s.s..main [Thread-1] [SHUTDOWN] Received SIGINT. Initiating graceful shutdown...
2025-10-10 16:37:20 [INFO] o.s.s..main [Thread-1] [wsServer] Creating WebSocket server...
2025-10-10 16:37:20 [INFO] o.s.s..main [Thread-1] [wsServer] WebSocket server instance created
2025-10-10 16:37:20 [INFO] o.s.s..main [Thread-1] [wsServer] WebSocket server setup complete
2025-10-10 16:37:20 [INFO] o.s.s..main [Thread-1] [mongo] MongoDB connected!
2025-10-10 16:37:20 [INFO] o.s.s..main [Thread-1] [HTTP_SERVER] Starting HTTP server...
2025-10-10 16:37:20 [INFO] o.s.s..main [Thread-1] [MAIN] CSMS Server fully initialized on port 8081
2025-10-10 16:37:30 [INFO] o.s.s..main [Thread-1] [CONNECTION] New connection: /?chargeBoxIdentity=CP_TEST
2025-10-10 16:37:30 [INFO] o.s.s..main [Thread-1] [CONNECTION] Headers: {"sec-websocket-version":"13","sec-websocket-key":"KIYs8keDMSwyg1uqh5E9GA==","connection":"Upgrade","upgrade":"websocket","sec-websocket-extensions":"permessage-deflate; client_max_window_bits","host":"localhost:8081"}
2025-10-10 16:37:30 [INFO] o.s.s..main [Thread-1] [CONNECTION] ChargePoint ID: CP_TEST
2025-10-10 16:37:30 [INFO] o.s.s..main [Thread-1] [AddConnection] Initialized default connector states for CP_TEST
2025-10-10 16:37:30 [INFO] o.s.s..main [Thread-1] [wsServer] CS added to the connection manager - CP_TEST
2025-10-10 16:37:30 [INFO] o.s.s..main [Thread-1] [CONNECTION] Successfully setup connection for CP_TEST
2025-10-10 16:37:30 [INFO] o.s.s..main [Thread-1] [MESSAGE] json received from CP_TEST
2025-10-10 16:37:30 [INFO] o.s.s..main [Thread-1] [MessageRouter] from CP_TEST Received request: BootNotification
2025-10-10 16:37:30 [INFO] o.s.s..main [Thread-1] [connectorManager] cinitializeConnectors: 1 connectors for CP_TEST
2025-10-10 16:37:30 [INFO] o.s.s..main [Thread-1] Boot from CP_TEST:
      Vendor: VendorTest
      Model: ModelTest 
      Point serial number: string
      Box serial number: 503 
      Firmware: 1.0 
      iccid: testiccid 
      imsi: testimsi 
      Meter type: neteryest 
      Meter serial number: string 
      saved to MongoDB
2025-10-10 16:37:30 [INFO] o.s.s..main [Thread-1] [BootNotification Handled] response={"currentTime":"2025-10-10T13:37:30.092Z","interval":60,"status":"Accepted"}
2025-10-10 16:37:30 [INFO] o.s.s..main [Thread-1] [MeesageRouter] Response Sent type 3 to CP_TEST: {"currentTime":"2025-10-10T13:37:30.092Z","interval":60,"status":"Accepted"}
2025-10-10 16:37:32 [INFO] o.s.s..main [Thread-1] [MESSAGE] json received from CP_TEST
2025-10-10 16:37:32 [INFO] o.s.s..main [Thread-1] [MessageRouter] from CP_TEST Received request: Authorize
2025-10-10 16:37:32 [INFO] o.s.s..main [Thread-1] Authorize from CP_TEST: USER_123
2025-10-10 16:37:32 [INFO] o.s.s..main [Thread-1] [Authorize Handled] response={"idTagInfo":{"status":"Accepted"}}
2025-10-10 16:37:32 [INFO] o.s.s..main [Thread-1] [MeesageRouter] Response Sent type 3 to CP_TEST: {"idTagInfo":{"status":"Accepted"}}
2025-10-10 16:37:32 [INFO] o.s.s..main [Thread-1] [MESSAGE] json received from CP_TEST
2025-10-10 16:37:32 [INFO] o.s.s..main [Thread-1] [MessageRouter] from CP_TEST Received request: StatusNotification
2025-10-10 16:37:32 [INFO] o.s.s..main [Thread-1] [UpdatedConnector] 1 for CP_TEST: Preparing
2025-10-10 16:37:32 [INFO] o.s.s..main [Thread-1] [StatusNotification] CP_TEST connector 1 - Preparing
2025-10-10 16:37:32 [INFO] o.s.s..main [Thread-1] [StatusNotification Handled] response={}
2025-10-10 16:37:32 [INFO] o.s.s..main [Thread-1] [MeesageRouter] Response Sent type 3 to CP_TEST: {}
2025-10-10 16:37:33 [INFO] o.s.s..main [Thread-1] [MESSAGE] json received from CP_TEST
2025-10-10 16:37:33 [INFO] o.s.s..main [Thread-1] [MessageRouter] from CP_TEST Received request: StatusNotification
2025-10-10 16:37:33 [INFO] o.s.s..main [Thread-1] [UpdatedConnector] 2 for CP_TEST: Preparing
2025-10-10 16:37:33 [INFO] o.s.s..main [Thread-1] [StatusNotification] CP_TEST connector 2 - Preparing
2025-10-10 16:37:33 [INFO] o.s.s..main [Thread-1] [StatusNotification Handled] response={}
2025-10-10 16:37:33 [INFO] o.s.s..main [Thread-1] [MeesageRouter] Response Sent type 3 to CP_TEST: {}
2025-10-10 16:37:34 [INFO] o.s.s..main [Thread-1] [MESSAGE] json received from CP_TEST
2025-10-10 16:37:34 [INFO] o.s.s..main [Thread-1] [MessageRouter] from CP_TEST Received request: StatusNotification
2025-10-10 16:37:34 [INFO] o.s.s..main [Thread-1] [UpdatedConnector] 3 for CP_TEST: Preparing
2025-10-10 16:37:34 [INFO] o.s.s..main [Thread-1] [StatusNotification] CP_TEST connector 3 - Preparing
2025-10-10 16:37:34 [INFO] o.s.s..main [Thread-1] [StatusNotification Handled] response={}
2025-10-10 16:37:34 [INFO] o.s.s..main [Thread-1] [MeesageRouter] Response Sent type 3 to CP_TEST: {}
2025-10-10 16:37:35 [INFO] o.s.s..main [Thread-1] [MESSAGE] json received from CP_TEST
2025-10-10 16:37:35 [INFO] o.s.s..main [Thread-1] [MessageRouter] from CP_TEST Received request: StatusNotification
2025-10-10 16:37:35 [INFO] o.s.s..main [Thread-1] [UpdatedConnector] 4 for CP_TEST: Preparing
2025-10-10 16:37:35 [INFO] o.s.s..main [Thread-1] [StatusNotification] CP_TEST connector 4 - Preparing
2025-10-10 16:37:35 [INFO] o.s.s..main [Thread-1] [StatusNotification Handled] response={}
2025-10-10 16:37:35 [INFO] o.s.s..main [Thread-1] [MeesageRouter] Response Sent type 3 to CP_TEST: {}
2025-10-10 16:37:36 [INFO] o.s.s..main [Thread-1] [MESSAGE] json received from CP_TEST
2025-10-10 16:37:36 [INFO] o.s.s..main [Thread-1] [MessageRouter] from CP_TEST Received request: StartTransaction
2025-10-10 16:37:36 [INFO] o.s.s..main [Thread-1] Start tx from CP_TEST: id 1760103456115, connector 1
2025-10-10 16:37:36 [INFO] o.s.s..main [Thread-1] [UpdatedConnector] 1 for CP_TEST: Charging (transaction id: 1760103456115)
2025-10-10 16:37:36 [INFO] o.s.s..main [Thread-1] [StartTransaction Handled] response={"transactionId":1760103456115,"idTagInfo":{"status":"Accepted"}}
2025-10-10 16:37:36 [INFO] o.s.s..main [Thread-1] [MeesageRouter] Response Sent type 3 to CP_TEST: {"transactionId":1760103456115,"idTagInfo":{"status":"Accepted"}}
2025-10-10 16:37:36 [INFO] o.s.s..main [Thread-1] [MESSAGE] json received from CP_TEST
2025-10-10 16:37:36 [INFO] o.s.s..main [Thread-1] [MessageRouter] from CP_TEST Received request: MeterValues
2025-10-10 16:37:36 [INFO] o.s.s..main [Thread-1] Meter from CP_TEST: 1500 kWh
2025-10-10 16:37:36 [INFO] o.s.s..main [Thread-1] [MeterValues Handled] response={}
2025-10-10 16:37:36 [INFO] o.s.s..main [Thread-1] [MeesageRouter] Response Sent type 3 to CP_TEST: {}
2025-10-10 16:37:38 [INFO] o.s.s..main [Thread-1] [MESSAGE] json received from CP_TEST
2025-10-10 16:37:38 [INFO] o.s.s..main [Thread-1] [MessageRouter] from CP_TEST Received request: MeterValues
2025-10-10 16:37:38 [INFO] o.s.s..main [Thread-1] Meter from CP_TEST: 2000 kWh
2025-10-10 16:37:38 [INFO] o.s.s..main [Thread-1] [MeterValues Handled] response={}
2025-10-10 16:37:38 [INFO] o.s.s..main [Thread-1] [MeesageRouter] Response Sent type 3 to CP_TEST: {}
2025-10-10 16:37:40 [INFO] o.s.s..main [Thread-1] [MESSAGE] json received from CP_TEST
2025-10-10 16:37:40 [INFO] o.s.s..main [Thread-1] [MessageRouter] from CP_TEST Received request: MeterValues
2025-10-10 16:37:40 [INFO] o.s.s..main [Thread-1] Meter from CP_TEST: 2500 kWh
2025-10-10 16:37:40 [INFO] o.s.s..main [Thread-1] [MeterValues Handled] response={}
2025-10-10 16:37:40 [INFO] o.s.s..main [Thread-1] [MeesageRouter] Response Sent type 3 to CP_TEST: {}
2025-10-10 16:37:42 [INFO] o.s.s..main [Thread-1] [MESSAGE] json received from CP_TEST
2025-10-10 16:37:42 [INFO] o.s.s..main [Thread-1] [MessageRouter] from CP_TEST Received request: StatusNotification
2025-10-10 16:37:42 [INFO] o.s.s..main [Thread-1] [UpdatedConnector] 1 for CP_TEST: Available
2025-10-10 16:37:42 [INFO] o.s.s..main [Thread-1] [StatusNotification] CP_TEST connector 1 - Available
2025-10-10 16:37:42 [INFO] o.s.s..main [Thread-1] [StatusNotification Handled] response={}
2025-10-10 16:37:42 [INFO] o.s.s..main [Thread-1] [MeesageRouter] Response Sent type 3 to CP_TEST: {}
2025-10-10 16:37:43 [INFO] o.s.s..main [Thread-1] [MESSAGE] json received from CP_TEST
2025-10-10 16:37:43 [INFO] o.s.s..main [Thread-1] [MessageRouter] from CP_TEST Received request: StatusNotification
2025-10-10 16:37:43 [INFO] o.s.s..main [Thread-1] [UpdatedConnector] 2 for CP_TEST: Available
2025-10-10 16:37:43 [INFO] o.s.s..main [Thread-1] [StatusNotification] CP_TEST connector 2 - Available
2025-10-10 16:37:43 [INFO] o.s.s..main [Thread-1] [StatusNotification Handled] response={}
2025-10-10 16:37:43 [INFO] o.s.s..main [Thread-1] [MeesageRouter] Response Sent type 3 to CP_TEST: {}
2025-10-10 16:37:44 [INFO] o.s.s..main [Thread-1] [MESSAGE] json received from CP_TEST
2025-10-10 16:37:44 [INFO] o.s.s..main [Thread-1] [MessageRouter] from CP_TEST Received request: StatusNotification
2025-10-10 16:37:44 [INFO] o.s.s..main [Thread-1] [UpdatedConnector] 3 for CP_TEST: Available
2025-10-10 16:37:44 [INFO] o.s.s..main [Thread-1] [StatusNotification] CP_TEST connector 3 - Available
2025-10-10 16:37:44 [INFO] o.s.s..main [Thread-1] [StatusNotification Handled] response={}
2025-10-10 16:37:44 [INFO] o.s.s..main [Thread-1] [MeesageRouter] Response Sent type 3 to CP_TEST: {}
2025-10-10 16:37:45 [INFO] o.s.s..main [Thread-1] [MESSAGE] json received from CP_TEST
2025-10-10 16:37:45 [INFO] o.s.s..main [Thread-1] [MessageRouter] from CP_TEST Received request: StatusNotification
2025-10-10 16:37:45 [INFO] o.s.s..main [Thread-1] [UpdatedConnector] 4 for CP_TEST: Available
2025-10-10 16:37:45 [INFO] o.s.s..main [Thread-1] [StatusNotification] CP_TEST connector 4 - Available
2025-10-10 16:37:45 [INFO] o.s.s..main [Thread-1] [StatusNotification Handled] response={}
2025-10-10 16:37:45 [INFO] o.s.s..main [Thread-1] [MeesageRouter] Response Sent type 3 to CP_TEST: {}
2025-10-10 16:37:46 [INFO] o.s.s..main [Thread-1] [CLOSE] Disconnected: CP_TEST, code: 1005, reason: 
2025-10-10 16:37:46 [INFO] o.s.s..main [Thread-1] [Heartbeat] Set lastOffline for CP_TEST: Fri Oct 10 2025 16:37:46 GMT+0300 (Москва, стандартное время)
2025-10-10 16:37:49 [INFO] o.s.s..main [Thread-1] Metrics query for CP_001: from 1970-01-01T00:00:00.000Z to 2025-10-10T13:37:49.693Z, totalKWh=0.00
2025-10-10 16:37:49 [INFO] o.s.s..main [Thread-1] Metrics query for CP_001: from 2025-10-01T00:00:00.000Z to 2025-10-10T00:00:00.000Z, totalKWh=0.00
2025-10-10 16:37:49 [INFO] o.s.s..main [Thread-1] Metrics query for CP_001: from 1970-01-01T00:00:00.000Z to 2025-10-10T00:00:00.000Z, totalKWh=0.00
2025-10-10 16:38:20 [INFO] o.s.s..main [Thread-1] [SHUTDOWN] Received SIGINT. Initiating graceful shutdown...
2025-10-10 16:52:33 [INFO] o.s.s..main [Thread-1] [mongo] MongoDB connected!
2025-10-10 16:52:57 [INFO] o.s.s..main [Thread-1] [wsServer] Creating WebSocket server...
2025-10-10 16:52:57 [INFO] o.s.s..main [Thread-1] [wsServer] WebSocket server instance created
2025-10-10 16:52:57 [INFO] o.s.s..main [Thread-1] [wsServer] WebSocket server setup complete
2025-10-10 16:52:57 [INFO] o.s.s..main [Thread-1] [mongo] MongoDB connected!
2025-10-10 16:52:57 [INFO] o.s.s..main [Thread-1] [HTTP_SERVER] Starting HTTP server...
2025-10-10 16:52:57 [INFO] o.s.s..main [Thread-1] [MAIN] CSMS Server fully initialized on port 8081
2025-10-10 16:53:05 [INFO] o.s.s..main [Thread-1] Metrics query for CP_001: from 1970-01-01T00:00:00.000Z to 2025-10-10T13:53:04.996Z, totalKWh=0.00
2025-10-10 16:53:05 [INFO] o.s.s..main [Thread-1] Metrics query for CP_001: from 2025-10-01T00:00:00.000Z to 2025-10-10T00:00:00.000Z, totalKWh=0.00
2025-10-10 16:53:05 [INFO] o.s.s..main [Thread-1] Metrics query for CP_001: from 1970-01-01T00:00:00.000Z to 2025-10-10T00:00:00.000Z, totalKWh=0.00
2025-10-10 16:53:50 [INFO] o.s.s..main [Thread-1] [SHUTDOWN] Received SIGINT. Initiating graceful shutdown...
2025-10-10 16:56:02 [INFO] o.s.s..main [Thread-1] [mongo] MongoDB connected!
