2025-10-14 14:26:06 [INFO] o.s.s..main [Thread-1] [wsServer] Creating WebSocket server...
2025-10-14 14:26:06 [INFO] o.s.s..main [Thread-1] [wsServer] WebSocket server instance created
2025-10-14 14:26:06 [INFO] o.s.s..main [Thread-1] [wsServer] WebSocket server setup complete
2025-10-14 14:26:06 [INFO] o.s.s..main [Thread-1] [mongo] MongoDB connected!
2025-10-14 14:26:06 [INFO] o.s.s..main [Thread-1] [MONGO] MongoDB connected
2025-10-14 14:26:06 [INFO] o.s.s..main [Thread-1] [POSTGRES] PostgreSQL connected
2025-10-14 14:26:06 [INFO] o.s.s..main [Thread-1] [HTTP_SERVER] Starting HTTP server...
2025-10-14 14:26:06 [INFO] o.s.s..main [Thread-1] [MAIN] CSMS Server fully initialized on port 8081
2025-10-14 14:26:15 [INFO] o.s.s..main [Thread-1] [SHUTDOWN] Received SIGINT. Initiating graceful shutdown...
2025-10-14 16:27:34 [INFO] o.s.s..main [Thread-1] [wsServer] Creating WebSocket server...
2025-10-14 16:27:34 [INFO] o.s.s..main [Thread-1] [wsServer] WebSocket server instance created
2025-10-14 16:27:34 [INFO] o.s.s..main [Thread-1] [wsServer] WebSocket server setup complete
2025-10-14 16:27:34 [INFO] o.s.s..main [Thread-1] [mongo] MongoDB connected!
2025-10-14 16:27:34 [INFO] o.s.s..main [Thread-1] [MONGO] MongoDB connected
2025-10-14 16:27:35 [INFO] o.s.s..main [Thread-1] [POSTGRES] PostgreSQL connected
2025-10-14 16:27:35 [INFO] o.s.s..main [Thread-1] [HTTP_SERVER] Starting HTTP server...
2025-10-14 16:27:35 [INFO] o.s.s..main [Thread-1] [MAIN] CSMS Server fully initialized on port 8081
2025-10-14 16:29:03 [INFO] o.s.s..main [Thread-1] [index API] httpServer is created
2025-10-14 16:29:03 [INFO] o.s.s..main [Thread-1] [httpHandlers] Access-Control allow methods : GET, POST; allow headers Content-Type, Authorization
2025-10-14 16:29:03 [INFO] o.s.s..main [Thread-1] [httpHandlers] GET /api/transactions; response size=12
2025-10-14 16:29:03 [INFO] o.s.s..main [Thread-1] [index API] httpServer is created
2025-10-14 16:29:03 [INFO] o.s.s..main [Thread-1] [httpHandlers] Access-Control allow methods : GET, POST; allow headers Content-Type, Authorization
2025-10-14 16:29:03 [INFO] o.s.s..main [Thread-1] [httpHandlers] GET /api/stations; response: []...
2025-10-14 16:29:03 [INFO] o.s.s..main [Thread-1] [index API] httpServer is created
2025-10-14 16:29:03 [INFO] o.s.s..main [Thread-1] [httpHandlers] Access-Control allow methods : GET, POST; allow headers Content-Type, Authorization
2025-10-14 16:29:03 [INFO] o.s.s..main [Thread-1] [httpHandlers] GET /api/transactions; response size=10
2025-10-14 16:29:03 [INFO] o.s.s..main [Thread-1] [index API] httpServer is created
2025-10-14 16:29:03 [INFO] o.s.s..main [Thread-1] [httpHandlers] Access-Control allow methods : GET, POST; allow headers Content-Type, Authorization
2025-10-14 16:29:03 [INFO] o.s.s..main [Thread-1] [index API] httpServer is created
2025-10-14 16:29:03 [INFO] o.s.s..main [Thread-1] [httpHandlers] Access-Control allow methods : GET, POST; allow headers Content-Type, Authorization
2025-10-14 16:29:03 [INFO] o.s.s..main [Thread-1] [StartTransaction] Started session with limits: type=full, value=100, tariff=0.1
2025-10-14 16:29:03 [INFO] o.s.s..main [Thread-1] [StartTransaction] Start tx from CP-001: id 1760448543728, connector 1
2025-10-14 16:29:03 [INFO] o.s.s..main [Thread-1] [UpdatedConnector] 1 for CP-001: Charging (transaction id: 1760448543728)
2025-10-14 16:29:03 [ERROR] o.s.s..main [Thread-1] [RemoteControl] No WebSocket for CP-001 — cannot send RemoteStartTransaction
2025-10-14 16:29:03 [INFO] o.s.s..main [Thread-1] [RemoteStartTransaction] Sent to CP-001: idTag=user-123, connectorId=1, startValue=0
2025-10-14 16:29:03 [INFO] o.s.s..main [Thread-1] [API] Start-session initiated for CP-001, connector 1, limits: type=full, value=100
2025-10-14 16:29:03 [INFO] o.s.s..main [Thread-1] [index API] httpServer is created
2025-10-14 16:29:03 [INFO] o.s.s..main [Thread-1] [httpHandlers] Access-Control allow methods : GET, POST; allow headers Content-Type, Authorization
2025-10-14 16:29:03 [INFO] o.s.s..main [Thread-1] [httpHandlers] GET /api/transactions; response size=11
2025-10-14 16:29:03 [INFO] o.s.s..main [Thread-1] [index API] httpServer is created
2025-10-14 16:29:03 [INFO] o.s.s..main [Thread-1] [httpHandlers] Access-Control allow methods : GET, POST; allow headers Content-Type, Authorization
2025-10-14 16:29:03 [INFO] o.s.s..main [Thread-1] [httpHandlers] GET /api/metrics/CP-001; response: {"totalKWh":0,"cost":0}
2025-10-14 16:29:03 [INFO] o.s.s..main [Thread-1] [index API] httpServer is created
2025-10-14 16:29:03 [INFO] o.s.s..main [Thread-1] [httpHandlers] Access-Control allow methods : GET, POST; allow headers Content-Type, Authorization
2025-10-14 16:29:03 [WARN] o.s.s..main [Thread-1] [httpHandlers] POST /api/reserve missing required fields
2025-10-14 16:29:03 [INFO] o.s.s..main [Thread-1] [index API] httpServer is created
2025-10-14 16:29:03 [INFO] o.s.s..main [Thread-1] [httpHandlers] Access-Control allow methods : GET, POST; allow headers Content-Type, Authorization
2025-10-14 16:29:03 [ERROR] o.s.s..main [Thread-1] [RemoteControl] No WebSocket for CP-001 — cannot send ReserveNow
2025-10-14 16:29:03 [INFO] o.s.s..main [Thread-1] [httpHandlers] POST /api/reserve; reserved: CP-001 1 user-123
2025-10-14 16:29:03 [INFO] o.s.s..main [Thread-1] [index API] httpServer is created
2025-10-14 16:29:03 [INFO] o.s.s..main [Thread-1] [httpHandlers] Access-Control allow methods : GET, POST; allow headers Content-Type, Authorization
2025-10-14 16:29:03 [INFO] o.s.s..main [Thread-1] [API] stop-session received: transactionId=1760448543728, type=string
2025-10-14 16:29:03 [INFO] o.s.s..main [Thread-1] [API] stop-session using transactionId as string: 1760448543728, type=string
2025-10-14 16:29:03 [INFO] o.s.s..main [Thread-1] [StopTransaction] Processing request: transactionId=1760448543728, type=number
2025-10-14 16:29:03 [INFO] o.s.s..main [Thread-1] [StopTransaction] Full request object: {"transactionId":1760448543728,"idTag":"user-123","meterStop":10000,"timestamp":"2025-10-14T13:29:03.763Z","reason":"Local"}
2025-10-14 16:29:03 [INFO] o.s.s..main [Thread-1] [StopTransaction] About to find transaction with id: 1760448543728, type: number
2025-10-14 16:29:03 [INFO] o.s.s..main [Thread-1] [StopTransaction] About to save tx with values: totalKWh=10, cost=1, efficiencyPercentage=100
2025-10-14 16:29:03 [INFO] o.s.s..main [Thread-1] [StopTransaction] Stop tx from CP-001: id 1760448543728, totalKWh=10.00, cost=1.00 EUR, efficiency=100.0%, reason: Local, connector: 1
2025-10-14 16:29:03 [INFO] o.s.s..main [Thread-1] [UpdatedConnector] 1 for CP-001: Finishing
2025-10-14 16:29:03 [INFO] o.s.s..main [Thread-1] [index API] httpServer is created
2025-10-14 16:29:03 [INFO] o.s.s..main [Thread-1] [httpHandlers] Access-Control allow methods : GET, POST; allow headers Content-Type, Authorization
2025-10-14 16:29:03 [INFO] o.s.s..main [Thread-1] [httpHandlers] GET /api/transactions; response size=11
2025-10-14 16:29:05 [INFO] o.s.s..main [Thread-1] [UpdatedConnector] 1 for CP-001: Available
2025-10-14 16:29:05 [INFO] o.s.s..main [Thread-1] [StopTransaction] Connector 1 on CP-001 reset to Available
2025-10-14 16:30:00 [INFO] o.s.s..main [Thread-1] [SHUTDOWN] Received SIGINT. Initiating graceful shutdown...
2025-10-14 19:00:39 [INFO] o.s.s..main [Thread-1] [wsServer] Creating WebSocket server...
2025-10-14 19:00:39 [INFO] o.s.s..main [Thread-1] [wsServer] WebSocket server instance created
2025-10-14 19:00:39 [INFO] o.s.s..main [Thread-1] [wsServer] WebSocket server setup complete
2025-10-14 19:00:39 [INFO] o.s.s..main [Thread-1] [mongo] MongoDB connected!
2025-10-14 19:00:39 [INFO] o.s.s..main [Thread-1] [MONGO] MongoDB connected
2025-10-14 19:00:39 [INFO] o.s.s..main [Thread-1] [POSTGRES] PostgreSQL connected
2025-10-14 19:00:39 [INFO] o.s.s..main [Thread-1] [HTTP_SERVER] Starting HTTP server...
2025-10-14 19:00:39 [INFO] o.s.s..main [Thread-1] [MAIN] CSMS Server fully initialized on port 8081
2025-10-14 19:00:42 [INFO] o.s.s..main [Thread-1] [index API] httpServer is created
2025-10-14 19:00:42 [INFO] o.s.s..main [Thread-1] [httpHandlers] Access-Control allow methods : GET, POST; allow headers Content-Type, Authorization
2025-10-14 19:00:42 [INFO] o.s.s..main [Thread-1] [httpHandlers] GET /api/stations; response: []...
2025-10-14 19:00:48 [INFO] o.s.s..main [Thread-1] [index API] httpServer is created
2025-10-14 19:00:48 [INFO] o.s.s..main [Thread-1] [httpHandlers] Access-Control allow methods : GET, POST; allow headers Content-Type, Authorization
2025-10-14 19:00:48 [INFO] o.s.s..main [Thread-1] [httpHandlers], request method OPTIONS
2025-10-14 19:00:48 [INFO] o.s.s..main [Thread-1] [index API] httpServer is created
2025-10-14 19:00:48 [INFO] o.s.s..main [Thread-1] [httpHandlers] Access-Control allow methods : GET, POST; allow headers Content-Type, Authorization
2025-10-14 19:00:48 [ERROR] o.s.s..main [Thread-1] Error in StartTransaction: ValidationError: limitType: `Energy` is not a valid enum value for path `limitType`.
2025-10-14 19:00:53 [INFO] o.s.s..main [Thread-1] [index API] httpServer is created
2025-10-14 19:00:53 [INFO] o.s.s..main [Thread-1] [httpHandlers] Access-Control allow methods : GET, POST; allow headers Content-Type, Authorization
2025-10-14 19:00:53 [INFO] o.s.s..main [Thread-1] [httpHandlers], request method OPTIONS
2025-10-14 19:00:53 [INFO] o.s.s..main [Thread-1] [index API] httpServer is created
2025-10-14 19:00:53 [INFO] o.s.s..main [Thread-1] [httpHandlers] Access-Control allow methods : GET, POST; allow headers Content-Type, Authorization
2025-10-14 19:00:53 [INFO] o.s.s..main [Thread-1] [API] stop-session received: transactionId=, type=string
2025-10-14 19:00:58 [INFO] o.s.s..main [Thread-1] [index API] httpServer is created
2025-10-14 19:00:58 [INFO] o.s.s..main [Thread-1] [httpHandlers] Access-Control allow methods : GET, POST; allow headers Content-Type, Authorization
2025-10-14 19:00:58 [INFO] o.s.s..main [Thread-1] [httpHandlers] GET /api/stations; response: []...
2025-10-14 19:00:59 [INFO] o.s.s..main [Thread-1] [index API] httpServer is created
2025-10-14 19:00:59 [INFO] o.s.s..main [Thread-1] [httpHandlers] Access-Control allow methods : GET, POST; allow headers Content-Type, Authorization
2025-10-14 19:00:59 [INFO] o.s.s..main [Thread-1] [httpHandlers] GET /api/stations; response: []...
2025-10-14 19:00:59 [INFO] o.s.s..main [Thread-1] [index API] httpServer is created
2025-10-14 19:00:59 [INFO] o.s.s..main [Thread-1] [httpHandlers] Access-Control allow methods : GET, POST; allow headers Content-Type, Authorization
2025-10-14 19:00:59 [INFO] o.s.s..main [Thread-1] [httpHandlers] GET /api/stations; response: []...
2025-10-14 19:01:00 [INFO] o.s.s..main [Thread-1] [index API] httpServer is created
2025-10-14 19:01:00 [INFO] o.s.s..main [Thread-1] [httpHandlers] Access-Control allow methods : GET, POST; allow headers Content-Type, Authorization
2025-10-14 19:01:00 [INFO] o.s.s..main [Thread-1] [httpHandlers] GET /api/stations; response: []...
2025-10-14 19:01:03 [INFO] o.s.s..main [Thread-1] [index API] httpServer is created
2025-10-14 19:01:03 [INFO] o.s.s..main [Thread-1] [httpHandlers] Access-Control allow methods : GET, POST; allow headers Content-Type, Authorization
2025-10-14 19:01:03 [INFO] o.s.s..main [Thread-1] [httpHandlers] GET /api/transactions; response size=14
2025-10-14 19:01:14 [INFO] o.s.s..main [Thread-1] [index API] httpServer is created
2025-10-14 19:01:14 [INFO] o.s.s..main [Thread-1] [httpHandlers] Access-Control allow methods : GET, POST; allow headers Content-Type, Authorization
2025-10-14 19:01:14 [ERROR] o.s.s..main [Thread-1] [httpHandlers] Transactions query error: QueryFailedError: invalid input syntax for type timestamp: "{"$lte":"2000-12-31T21:00:00.000Z"}"
2025-10-14 19:01:18 [INFO] o.s.s..main [Thread-1] [index API] httpServer is created
2025-10-14 19:01:18 [INFO] o.s.s..main [Thread-1] [httpHandlers] Access-Control allow methods : GET, POST; allow headers Content-Type, Authorization
2025-10-14 19:01:18 [INFO] o.s.s..main [Thread-1] [httpHandlers], request method OPTIONS
2025-10-14 19:01:18 [INFO] o.s.s..main [Thread-1] [index API] httpServer is created
2025-10-14 19:01:18 [INFO] o.s.s..main [Thread-1] [httpHandlers] Access-Control allow methods : GET, POST; allow headers Content-Type, Authorization
2025-10-14 19:01:18 [ERROR] o.s.s..main [Thread-1] Error in StartTransaction: ValidationError: limitType: `Energy` is not a valid enum value for path `limitType`.
2025-10-14 19:04:14 [INFO] o.s.s..main [Thread-1] [index API] httpServer is created
2025-10-14 19:04:14 [INFO] o.s.s..main [Thread-1] [httpHandlers] Access-Control allow methods : GET, POST; allow headers Content-Type, Authorization
2025-10-14 19:04:14 [INFO] o.s.s..main [Thread-1] [httpHandlers], request method OPTIONS
2025-10-14 19:04:14 [INFO] o.s.s..main [Thread-1] [index API] httpServer is created
2025-10-14 19:04:14 [INFO] o.s.s..main [Thread-1] [httpHandlers] Access-Control allow methods : GET, POST; allow headers Content-Type, Authorization
2025-10-14 19:04:17 [INFO] o.s.s..main [Thread-1] [SHUTDOWN] Received SIGINT. Initiating graceful shutdown...
2025-10-14 19:04:32 [INFO] o.s.s..main [Thread-1] [wsServer] Creating WebSocket server...
2025-10-14 19:04:32 [INFO] o.s.s..main [Thread-1] [wsServer] WebSocket server instance created
2025-10-14 19:04:32 [INFO] o.s.s..main [Thread-1] [wsServer] WebSocket server setup complete
2025-10-14 19:04:32 [INFO] o.s.s..main [Thread-1] [mongo] MongoDB connected!
2025-10-14 19:04:32 [INFO] o.s.s..main [Thread-1] [MONGO] MongoDB connected
2025-10-14 19:04:33 [INFO] o.s.s..main [Thread-1] [POSTGRES] PostgreSQL connected
2025-10-14 19:04:33 [INFO] o.s.s..main [Thread-1] [HTTP_SERVER] Starting HTTP server...
2025-10-14 19:04:33 [INFO] o.s.s..main [Thread-1] [MAIN] CSMS Server fully initialized on port 8081
2025-10-14 19:04:34 [INFO] o.s.s..main [Thread-1] [index API] httpServer is created
2025-10-14 19:04:34 [INFO] o.s.s..main [Thread-1] [httpHandlers] Access-Control allow methods : GET, POST; allow headers Content-Type, Authorization
2025-10-14 19:04:34 [INFO] o.s.s..main [Thread-1] [httpHandlers], request method OPTIONS
2025-10-14 19:04:34 [INFO] o.s.s..main [Thread-1] [index API] httpServer is created
2025-10-14 19:04:34 [INFO] o.s.s..main [Thread-1] [httpHandlers] Access-Control allow methods : GET, POST; allow headers Content-Type, Authorization
2025-10-14 19:04:46 [INFO] o.s.s..main [Thread-1] [SHUTDOWN] Received SIGINT. Initiating graceful shutdown...
2025-10-14 19:04:50 [INFO] o.s.s..main [Thread-1] [wsServer] Creating WebSocket server...
2025-10-14 19:04:50 [INFO] o.s.s..main [Thread-1] [wsServer] WebSocket server instance created
2025-10-14 19:04:50 [INFO] o.s.s..main [Thread-1] [wsServer] WebSocket server setup complete
2025-10-14 19:04:50 [INFO] o.s.s..main [Thread-1] [mongo] MongoDB connected!
2025-10-14 19:04:50 [INFO] o.s.s..main [Thread-1] [MONGO] MongoDB connected
2025-10-14 19:04:50 [INFO] o.s.s..main [Thread-1] [POSTGRES] PostgreSQL connected
2025-10-14 19:04:50 [INFO] o.s.s..main [Thread-1] [HTTP_SERVER] Starting HTTP server...
2025-10-14 19:04:50 [INFO] o.s.s..main [Thread-1] [MAIN] CSMS Server fully initialized on port 8081
2025-10-14 19:04:52 [INFO] o.s.s..main [Thread-1] [index API] httpServer is created
2025-10-14 19:04:52 [INFO] o.s.s..main [Thread-1] [httpHandlers] Access-Control allow methods : GET, POST; allow headers Content-Type, Authorization
2025-10-14 19:04:52 [INFO] o.s.s..main [Thread-1] [httpHandlers], request method OPTIONS
2025-10-14 19:04:52 [INFO] o.s.s..main [Thread-1] [index API] httpServer is created
2025-10-14 19:04:52 [INFO] o.s.s..main [Thread-1] [httpHandlers] Access-Control allow methods : GET, POST; allow headers Content-Type, Authorization
2025-10-14 19:04:52 [INFO] o.s.s..main [Thread-1] [index API] httpServer is created
2025-10-14 19:04:52 [INFO] o.s.s..main [Thread-1] [httpHandlers] Access-Control allow methods : GET, POST; allow headers Content-Type, Authorization
2025-10-14 19:04:53 [INFO] o.s.s..main [Thread-1] [index API] httpServer is created
2025-10-14 19:04:53 [INFO] o.s.s..main [Thread-1] [httpHandlers] Access-Control allow methods : GET, POST; allow headers Content-Type, Authorization
2025-10-14 19:13:05 [INFO] o.s.s..main [Thread-1] [SHUTDOWN] Received SIGINT. Initiating graceful shutdown...
2025-10-14 19:13:22 [INFO] o.s.s..main [Thread-1] [wsServer] Creating WebSocket server...
2025-10-14 19:13:22 [INFO] o.s.s..main [Thread-1] [wsServer] WebSocket server instance created
2025-10-14 19:13:22 [INFO] o.s.s..main [Thread-1] [wsServer] WebSocket server setup complete
2025-10-14 19:13:22 [INFO] o.s.s..main [Thread-1] [mongo] MongoDB connected!
2025-10-14 19:13:22 [INFO] o.s.s..main [Thread-1] [MONGO] MongoDB connected
2025-10-14 19:13:22 [INFO] o.s.s..main [Thread-1] [POSTGRES] PostgreSQL connected
2025-10-14 19:13:22 [INFO] o.s.s..main [Thread-1] [HTTP_SERVER] Starting HTTP server...
2025-10-14 19:13:22 [INFO] o.s.s..main [Thread-1] [MAIN] CSMS Server fully initialized on port 8081
2025-10-14 19:27:22 [INFO] o.s.s..main [Thread-1] [SHUTDOWN] Received SIGINT. Initiating graceful shutdown...
2025-10-14 20:59:14 [INFO] o.s.s..main [Thread-1] [wsServer] Creating WebSocket server...
2025-10-14 20:59:14 [INFO] o.s.s..main [Thread-1] [wsServer] WebSocket server instance created
2025-10-14 20:59:14 [INFO] o.s.s..main [Thread-1] [wsServer] WebSocket server setup complete
2025-10-14 20:59:14 [INFO] o.s.s..main [Thread-1] [mongo] MongoDB connected!
2025-10-14 20:59:14 [INFO] o.s.s..main [Thread-1] [MONGO] MongoDB connected
2025-10-14 20:59:14 [INFO] o.s.s..main [Thread-1] [POSTGRES] PostgreSQL connected
2025-10-14 20:59:14 [INFO] o.s.s..main [Thread-1] [HTTP_SERVER] Starting HTTP server...
2025-10-14 20:59:14 [INFO] o.s.s..main [Thread-1] [MAIN] CSMS Server fully initialized on port 8081
2025-10-14 21:04:30 [INFO] o.s.s..main [Thread-1] [SHUTDOWN] Received SIGINT. Initiating graceful shutdown...
2025-10-14 21:04:36 [INFO] o.s.s..main [Thread-1] [wsServer] Creating WebSocket server...
2025-10-14 21:04:36 [INFO] o.s.s..main [Thread-1] [wsServer] WebSocket server instance created
2025-10-14 21:04:36 [INFO] o.s.s..main [Thread-1] [wsServer] WebSocket server setup complete
2025-10-14 21:04:36 [INFO] o.s.s..main [Thread-1] [mongo] MongoDB connected!
2025-10-14 21:04:36 [INFO] o.s.s..main [Thread-1] [MONGO] MongoDB connected
2025-10-14 21:04:37 [INFO] o.s.s..main [Thread-1] [POSTGRES] PostgreSQL connected
2025-10-14 21:04:37 [INFO] o.s.s..main [Thread-1] [HTTP_SERVER] Starting HTTP server...
2025-10-14 21:04:37 [INFO] o.s.s..main [Thread-1] [MAIN] CSMS Server fully initialized on port 8081
2025-10-14 21:05:31 [INFO] o.s.s..main [Thread-1] [CONNECTION] New connection: /?chargeBoxIdentity=CP_TEST
2025-10-14 21:05:31 [INFO] o.s.s..main [Thread-1] [CONNECTION] Headers: {"sec-websocket-version":"13","sec-websocket-key":"GQ00mzd3CtECItbNdmm+/w==","connection":"Upgrade","upgrade":"websocket","sec-websocket-extensions":"permessage-deflate; client_max_window_bits","host":"localhost:8081"}
2025-10-14 21:05:31 [INFO] o.s.s..main [Thread-1] [CONNECTION] ChargePoint ID: CP_TEST
2025-10-14 21:05:31 [INFO] o.s.s..main [Thread-1] [AddConnection] Initialized default connector states for CP_TEST
2025-10-14 21:05:31 [INFO] o.s.s..main [Thread-1] [wsServer] CS added to the connection manager - CP_TEST
2025-10-14 21:05:31 [INFO] o.s.s..main [Thread-1] [CONNECTION] Successfully setup connection for CP_TEST
2025-10-14 21:05:31 [INFO] o.s.s..main [Thread-1] [MESSAGE] json received from CP_TEST
2025-10-14 21:05:31 [INFO] o.s.s..main [Thread-1] [MessageRouter] from CP_TEST Received request: BootNotification
2025-10-14 21:05:31 [INFO] o.s.s..main [Thread-1] [connectorManager] cinitializeConnectors: 1 connectors for CP_TEST
2025-10-14 21:05:31 [INFO] o.s.s..main [Thread-1] Boot from CP_TEST:
      Vendor: VendorTest
      Model: ModelTest 
      Point serial number: string
      Box serial number: 503 
      Firmware: 1.0 
      iccid: testiccid 
      imsi: testimsi 
      Meter type: neteryest 
      Meter serial number: string 
      saved to MongoDB
2025-10-14 21:05:31 [INFO] o.s.s..main [Thread-1] [BootNotification Handled] response={"currentTime":"2025-10-14T18:05:31.965Z","interval":60,"status":"Accepted"}
2025-10-14 21:05:31 [INFO] o.s.s..main [Thread-1] [MeesageRouter] Response Sent type 3 to CP_TEST: {"currentTime":"2025-10-14T18:05:31.965Z","interval":60,"status":"Accepted"}
2025-10-14 21:05:33 [INFO] o.s.s..main [Thread-1] [MESSAGE] json received from CP_TEST
2025-10-14 21:05:33 [INFO] o.s.s..main [Thread-1] [MessageRouter] from CP_TEST Received request: Authorize
2025-10-14 21:05:33 [INFO] o.s.s..main [Thread-1] Authorize from CP_TEST: USER_123
2025-10-14 21:05:33 [INFO] o.s.s..main [Thread-1] [Authorize Handled] response={"idTagInfo":{"status":"Accepted"}}
2025-10-14 21:05:33 [INFO] o.s.s..main [Thread-1] [MeesageRouter] Response Sent type 3 to CP_TEST: {"idTagInfo":{"status":"Accepted"}}
2025-10-14 21:05:33 [INFO] o.s.s..main [Thread-1] [MESSAGE] json received from CP_TEST
2025-10-14 21:05:33 [INFO] o.s.s..main [Thread-1] [MessageRouter] from CP_TEST Received request: StatusNotification
2025-10-14 21:05:33 [INFO] o.s.s..main [Thread-1] [UpdatedConnector] 1 for CP_TEST: Preparing
2025-10-14 21:05:33 [INFO] o.s.s..main [Thread-1] [StatusNotification] CP_TEST connector 1 - Preparing
2025-10-14 21:05:33 [INFO] o.s.s..main [Thread-1] [StatusNotification Handled] response={}
2025-10-14 21:05:33 [INFO] o.s.s..main [Thread-1] [MeesageRouter] Response Sent type 3 to CP_TEST: {}
2025-10-14 21:05:34 [INFO] o.s.s..main [Thread-1] [MESSAGE] json received from CP_TEST
2025-10-14 21:05:34 [INFO] o.s.s..main [Thread-1] [MessageRouter] from CP_TEST Received request: StatusNotification
2025-10-14 21:05:34 [INFO] o.s.s..main [Thread-1] [UpdatedConnector] 2 for CP_TEST: Preparing
2025-10-14 21:05:34 [INFO] o.s.s..main [Thread-1] [StatusNotification] CP_TEST connector 2 - Preparing
2025-10-14 21:05:34 [INFO] o.s.s..main [Thread-1] [StatusNotification Handled] response={}
2025-10-14 21:05:34 [INFO] o.s.s..main [Thread-1] [MeesageRouter] Response Sent type 3 to CP_TEST: {}
2025-10-14 21:05:35 [INFO] o.s.s..main [Thread-1] [MESSAGE] json received from CP_TEST
2025-10-14 21:05:35 [INFO] o.s.s..main [Thread-1] [MessageRouter] from CP_TEST Received request: StartTransaction
2025-10-14 21:05:36 [INFO] o.s.s..main [Thread-1] [StartTransaction] Started session with limits: type=full, value=100, tariff=0.1
2025-10-14 21:05:36 [INFO] o.s.s..main [Thread-1] [StartTransaction] Start tx from CP_TEST: id 1760465135982, connector 1
2025-10-14 21:05:36 [INFO] o.s.s..main [Thread-1] [UpdatedConnector] 1 for CP_TEST: Charging (transaction id: 1760465135982)
2025-10-14 21:05:36 [INFO] o.s.s..main [Thread-1] [StartTransaction Handled] response={"transactionId":"1760465135982","idTagInfo":{"status":"Accepted"}}
2025-10-14 21:05:36 [INFO] o.s.s..main [Thread-1] [MeesageRouter] Response Sent type 3 to CP_TEST: {"transactionId":"1760465135982","idTagInfo":{"status":"Accepted"}}
2025-10-14 21:05:36 [INFO] o.s.s..main [Thread-1] [MESSAGE] json received from CP_TEST
2025-10-14 21:05:36 [INFO] o.s.s..main [Thread-1] [MessageRouter] from CP_TEST Received request: MeterValues
2025-10-14 21:05:36 [INFO] o.s.s..main [Thread-1] Meter from CP_TEST: 1500 kWh
2025-10-14 21:05:36 [INFO] o.s.s..main [Thread-1] [MeterValues Handled] response={}
2025-10-14 21:05:36 [INFO] o.s.s..main [Thread-1] [MeesageRouter] Response Sent type 3 to CP_TEST: {}
2025-10-14 21:05:38 [INFO] o.s.s..main [Thread-1] [MESSAGE] json received from CP_TEST
2025-10-14 21:05:38 [INFO] o.s.s..main [Thread-1] [MessageRouter] from CP_TEST Received request: MeterValues
2025-10-14 21:05:38 [INFO] o.s.s..main [Thread-1] Meter from CP_TEST: 2000 kWh
2025-10-14 21:05:38 [INFO] o.s.s..main [Thread-1] [MeterValues Handled] response={}
2025-10-14 21:05:38 [INFO] o.s.s..main [Thread-1] [MeesageRouter] Response Sent type 3 to CP_TEST: {}
2025-10-14 21:05:40 [INFO] o.s.s..main [Thread-1] [MESSAGE] json received from CP_TEST
2025-10-14 21:05:40 [INFO] o.s.s..main [Thread-1] [MessageRouter] from CP_TEST Received request: MeterValues
2025-10-14 21:05:40 [INFO] o.s.s..main [Thread-1] Meter from CP_TEST: 2500 kWh
2025-10-14 21:05:40 [INFO] o.s.s..main [Thread-1] [MeterValues Handled] response={}
2025-10-14 21:05:40 [INFO] o.s.s..main [Thread-1] [MeesageRouter] Response Sent type 3 to CP_TEST: {}
2025-10-14 21:05:42 [INFO] o.s.s..main [Thread-1] [MESSAGE] json received from CP_TEST
2025-10-14 21:05:42 [INFO] o.s.s..main [Thread-1] [MessageRouter] from CP_TEST Received request: StatusNotification
2025-10-14 21:05:42 [INFO] o.s.s..main [Thread-1] [UpdatedConnector] 1 for CP_TEST: Available
2025-10-14 21:05:42 [INFO] o.s.s..main [Thread-1] [StatusNotification] CP_TEST connector 1 - Available
2025-10-14 21:05:42 [INFO] o.s.s..main [Thread-1] [StatusNotification Handled] response={}
2025-10-14 21:05:42 [INFO] o.s.s..main [Thread-1] [MeesageRouter] Response Sent type 3 to CP_TEST: {}
2025-10-14 21:05:43 [INFO] o.s.s..main [Thread-1] [MESSAGE] json received from CP_TEST
2025-10-14 21:05:43 [INFO] o.s.s..main [Thread-1] [MessageRouter] from CP_TEST Received request: StatusNotification
2025-10-14 21:05:43 [INFO] o.s.s..main [Thread-1] [UpdatedConnector] 2 for CP_TEST: Available
2025-10-14 21:05:43 [INFO] o.s.s..main [Thread-1] [StatusNotification] CP_TEST connector 2 - Available
2025-10-14 21:05:43 [INFO] o.s.s..main [Thread-1] [StatusNotification Handled] response={}
2025-10-14 21:05:43 [INFO] o.s.s..main [Thread-1] [MeesageRouter] Response Sent type 3 to CP_TEST: {}
2025-10-14 21:05:44 [INFO] o.s.s..main [Thread-1] [CLOSE] Disconnected: CP_TEST, code: 1005, reason: 
2025-10-14 21:05:44 [INFO] o.s.s..main [Thread-1] [Heartbeat] Set lastOffline for CP_TEST: Tue Oct 14 2025 21:05:44 GMT+0300 (Москва, стандартное время)
2025-10-14 21:06:44 [WARN] o.s.s..main [Thread-1] [RECONNECT] 60000ms passed since disconnect of CP_TEST. If the station supports outbound, attempt reconnect from station. Server will accept.
2025-10-14 21:10:50 [INFO] o.s.s..main [Thread-1] [SHUTDOWN] Received SIGINT. Initiating graceful shutdown...
2025-10-14 21:12:56 [INFO] o.s.s..main [Thread-1] [wsServer] Creating WebSocket server...
2025-10-14 21:12:56 [INFO] o.s.s..main [Thread-1] [wsServer] WebSocket server instance created
2025-10-14 21:12:56 [INFO] o.s.s..main [Thread-1] [wsServer] WebSocket server setup complete
2025-10-14 21:12:56 [INFO] o.s.s..main [Thread-1] [mongo] MongoDB connected!
2025-10-14 21:12:56 [INFO] o.s.s..main [Thread-1] [MONGO] MongoDB connected
2025-10-14 21:12:56 [INFO] o.s.s..main [Thread-1] [POSTGRES] PostgreSQL connected
2025-10-14 21:12:56 [INFO] o.s.s..main [Thread-1] [HTTP_SERVER] Starting HTTP server...
2025-10-14 21:12:56 [INFO] o.s.s..main [Thread-1] [MAIN] CSMS Server fully initialized on port 8081
2025-10-14 21:13:04 [INFO] o.s.s..main [Thread-1] [CONNECTION] New connection: /?chargeBoxIdentity=CP_TEST
2025-10-14 21:13:04 [INFO] o.s.s..main [Thread-1] [CONNECTION] Headers: {"sec-websocket-version":"13","sec-websocket-key":"BcoqU7ZXUjd27CP6FGXClQ==","connection":"Upgrade","upgrade":"websocket","sec-websocket-extensions":"permessage-deflate; client_max_window_bits","host":"localhost:8081"}
2025-10-14 21:13:04 [INFO] o.s.s..main [Thread-1] [CONNECTION] ChargePoint ID: CP_TEST
2025-10-14 21:13:04 [INFO] o.s.s..main [Thread-1] [AddConnection] Initialized default connector states for CP_TEST
2025-10-14 21:13:04 [INFO] o.s.s..main [Thread-1] [wsServer] CS added to the connection manager - CP_TEST
2025-10-14 21:13:04 [INFO] o.s.s..main [Thread-1] [CONNECTION] Successfully setup connection for CP_TEST
2025-10-14 21:13:04 [INFO] o.s.s..main [Thread-1] [MESSAGE] json received from CP_TEST
2025-10-14 21:13:04 [INFO] o.s.s..main [Thread-1] [MessageRouter] from CP_TEST Received request: BootNotification
2025-10-14 21:13:04 [INFO] o.s.s..main [Thread-1] [connectorManager] cinitializeConnectors: 1 connectors for CP_TEST
2025-10-14 21:13:04 [INFO] o.s.s..main [Thread-1] Boot from CP_TEST:
      Vendor: VendorTest
      Model: ModelTest 
      Point serial number: string
      Box serial number: 503 
      Firmware: 1.0 
      iccid: testiccid 
      imsi: testimsi 
      Meter type: neteryest 
      Meter serial number: string 
      saved to MongoDB
2025-10-14 21:13:04 [INFO] o.s.s..main [Thread-1] [BootNotification Handled] response={"currentTime":"2025-10-14T18:13:04.527Z","interval":60,"status":"Accepted"}
2025-10-14 21:13:04 [INFO] o.s.s..main [Thread-1] [MeesageRouter] Response Sent type 3 to CP_TEST: {"currentTime":"2025-10-14T18:13:04.527Z","interval":60,"status":"Accepted"}
2025-10-14 21:13:06 [INFO] o.s.s..main [Thread-1] [MESSAGE] json received from CP_TEST
2025-10-14 21:13:06 [INFO] o.s.s..main [Thread-1] [MessageRouter] from CP_TEST Received request: Authorize
2025-10-14 21:13:06 [INFO] o.s.s..main [Thread-1] Authorize from CP_TEST: USER_123
2025-10-14 21:13:06 [INFO] o.s.s..main [Thread-1] [Authorize Handled] response={"idTagInfo":{"status":"Accepted"}}
2025-10-14 21:13:06 [INFO] o.s.s..main [Thread-1] [MeesageRouter] Response Sent type 3 to CP_TEST: {"idTagInfo":{"status":"Accepted"}}
2025-10-14 21:13:06 [INFO] o.s.s..main [Thread-1] [MESSAGE] json received from CP_TEST
2025-10-14 21:13:06 [INFO] o.s.s..main [Thread-1] [MessageRouter] from CP_TEST Received request: StatusNotification
2025-10-14 21:13:06 [INFO] o.s.s..main [Thread-1] [UpdatedConnector] 1 for CP_TEST: Preparing
2025-10-14 21:13:06 [INFO] o.s.s..main [Thread-1] [StatusNotification] CP_TEST connector 1 - Preparing
2025-10-14 21:13:06 [INFO] o.s.s..main [Thread-1] [StatusNotification Handled] response={}
2025-10-14 21:13:06 [INFO] o.s.s..main [Thread-1] [MeesageRouter] Response Sent type 3 to CP_TEST: {}
2025-10-14 21:13:07 [INFO] o.s.s..main [Thread-1] [MESSAGE] json received from CP_TEST
2025-10-14 21:13:07 [INFO] o.s.s..main [Thread-1] [MessageRouter] from CP_TEST Received request: StatusNotification
2025-10-14 21:13:07 [INFO] o.s.s..main [Thread-1] [UpdatedConnector] 2 for CP_TEST: Preparing
2025-10-14 21:13:07 [INFO] o.s.s..main [Thread-1] [StatusNotification] CP_TEST connector 2 - Preparing
2025-10-14 21:13:07 [INFO] o.s.s..main [Thread-1] [StatusNotification Handled] response={}
2025-10-14 21:13:07 [INFO] o.s.s..main [Thread-1] [MeesageRouter] Response Sent type 3 to CP_TEST: {}
2025-10-14 21:13:08 [INFO] o.s.s..main [Thread-1] [MESSAGE] json received from CP_TEST
2025-10-14 21:13:08 [INFO] o.s.s..main [Thread-1] [MessageRouter] from CP_TEST Received request: StartTransaction
2025-10-14 21:13:08 [INFO] o.s.s..main [Thread-1] [StartTransaction] Started session with limits: type=full, value=100, tariff=0.1
2025-10-14 21:13:08 [INFO] o.s.s..main [Thread-1] [StartTransaction] Start tx from CP_TEST: id 1760465588542, connector 1
2025-10-14 21:13:08 [INFO] o.s.s..main [Thread-1] [UpdatedConnector] 1 for CP_TEST: Charging (transaction id: 1760465588542)
2025-10-14 21:13:08 [INFO] o.s.s..main [Thread-1] [StartTransaction Handled] response={"transactionId":"1760465588542","idTagInfo":{"status":"Accepted"}}
2025-10-14 21:13:08 [INFO] o.s.s..main [Thread-1] [MeesageRouter] Response Sent type 3 to CP_TEST: {"transactionId":"1760465588542","idTagInfo":{"status":"Accepted"}}
2025-10-14 21:13:08 [INFO] o.s.s..main [Thread-1] [MESSAGE] json received from CP_TEST
2025-10-14 21:13:08 [INFO] o.s.s..main [Thread-1] [MessageRouter] from CP_TEST Received request: MeterValues
2025-10-14 21:13:08 [INFO] o.s.s..main [Thread-1] Meter from CP_TEST: 1500 kWh
2025-10-14 21:13:08 [INFO] o.s.s..main [Thread-1] [MeterValues Handled] response={}
2025-10-14 21:13:08 [INFO] o.s.s..main [Thread-1] [MeesageRouter] Response Sent type 3 to CP_TEST: {}
2025-10-14 21:13:10 [INFO] o.s.s..main [Thread-1] [MESSAGE] json received from CP_TEST
2025-10-14 21:13:10 [INFO] o.s.s..main [Thread-1] [MessageRouter] from CP_TEST Received request: MeterValues
2025-10-14 21:13:10 [INFO] o.s.s..main [Thread-1] Meter from CP_TEST: 2000 kWh
2025-10-14 21:13:10 [INFO] o.s.s..main [Thread-1] [MeterValues Handled] response={}
2025-10-14 21:13:10 [INFO] o.s.s..main [Thread-1] [MeesageRouter] Response Sent type 3 to CP_TEST: {}
2025-10-14 21:13:12 [INFO] o.s.s..main [Thread-1] [MESSAGE] json received from CP_TEST
2025-10-14 21:13:12 [INFO] o.s.s..main [Thread-1] [MessageRouter] from CP_TEST Received request: MeterValues
2025-10-14 21:13:12 [INFO] o.s.s..main [Thread-1] Meter from CP_TEST: 2500 kWh
2025-10-14 21:13:12 [INFO] o.s.s..main [Thread-1] [MeterValues Handled] response={}
2025-10-14 21:13:12 [INFO] o.s.s..main [Thread-1] [MeesageRouter] Response Sent type 3 to CP_TEST: {}
2025-10-14 21:13:14 [INFO] o.s.s..main [Thread-1] [MESSAGE] json received from CP_TEST
2025-10-14 21:13:14 [INFO] o.s.s..main [Thread-1] [MessageRouter] from CP_TEST Received request: StatusNotification
2025-10-14 21:13:14 [INFO] o.s.s..main [Thread-1] [UpdatedConnector] 1 for CP_TEST: Available
2025-10-14 21:13:14 [INFO] o.s.s..main [Thread-1] [StatusNotification] CP_TEST connector 1 - Available
2025-10-14 21:13:14 [INFO] o.s.s..main [Thread-1] [StatusNotification Handled] response={}
2025-10-14 21:13:14 [INFO] o.s.s..main [Thread-1] [MeesageRouter] Response Sent type 3 to CP_TEST: {}
2025-10-14 21:13:15 [INFO] o.s.s..main [Thread-1] [MESSAGE] json received from CP_TEST
2025-10-14 21:13:15 [INFO] o.s.s..main [Thread-1] [MessageRouter] from CP_TEST Received request: StatusNotification
2025-10-14 21:13:15 [INFO] o.s.s..main [Thread-1] [UpdatedConnector] 2 for CP_TEST: Available
2025-10-14 21:13:15 [INFO] o.s.s..main [Thread-1] [StatusNotification] CP_TEST connector 2 - Available
2025-10-14 21:13:15 [INFO] o.s.s..main [Thread-1] [StatusNotification Handled] response={}
2025-10-14 21:13:15 [INFO] o.s.s..main [Thread-1] [MeesageRouter] Response Sent type 3 to CP_TEST: {}
2025-10-14 21:13:16 [INFO] o.s.s..main [Thread-1] [CLOSE] Disconnected: CP_TEST, code: 1005, reason: 
2025-10-14 21:13:16 [INFO] o.s.s..main [Thread-1] [Heartbeat] Set lastOffline for CP_TEST: Tue Oct 14 2025 21:13:16 GMT+0300 (Москва, стандартное время)
2025-10-14 21:14:16 [WARN] o.s.s..main [Thread-1] [RECONNECT] 60000ms passed since disconnect of CP_TEST. If the station supports outbound, attempt reconnect from station. Server will accept.
2025-10-14 21:47:01 [INFO] o.s.s..main [Thread-1] [SHUTDOWN] Received SIGINT. Initiating graceful shutdown...
