2025-10-20 00:00:10 [INFO] o.s.s..main [Thread-1] [ConnectionManager] Loaded 2 recent transactions from file
2025-10-20 00:00:10 [INFO] o.s.s..main [Thread-1] [wsServer] Creating WebSocket server...
2025-10-20 00:00:10 [INFO] o.s.s..main [Thread-1] [wsServer] WebSocket server instance created
2025-10-20 00:00:10 [INFO] o.s.s..main [Thread-1] [wsServer] WebSocket server setup complete
2025-10-20 00:00:10 [INFO] o.s.s..main [Thread-1] [mongo] MongoDB connected!
2025-10-20 00:00:10 [INFO] o.s.s..main [Thread-1] [MONGO] MongoDB connected
2025-10-20 00:00:11 [INFO] o.s.s..main [Thread-1] [POSTGRES] PostgreSQL connected
2025-10-20 00:00:11 [INFO] o.s.s..main [Thread-1] [HTTP_SERVER] Starting HTTP server...
2025-10-20 00:00:11 [INFO] o.s.s..main [Thread-1] [MAIN] CSMS Server fully initialized on port 8081
2025-10-20 00:00:22 [INFO] o.s.s..main [Thread-1] [index API] httpServer is created
2025-10-20 00:00:22 [INFO] o.s.s..main [Thread-1] [httpHandlers] Access-Control allow methods : GET, POST; allow headers Content-Type, Authorization
2025-10-20 00:00:22 [INFO] o.s.s..main [Thread-1] [API] /api/transactions/recent returned 2 transactions (limit: 10)
2025-10-20 00:00:31 [INFO] o.s.s..main [Thread-1] [index API] httpServer is created
2025-10-20 00:00:31 [INFO] o.s.s..main [Thread-1] [httpHandlers] Access-Control allow methods : GET, POST; allow headers Content-Type, Authorization
2025-10-20 00:00:31 [INFO] o.s.s..main [Thread-1] [API] /api/transactions/recent returned 2 transactions (limit: 10)
2025-10-20 00:01:33 [INFO] o.s.s..main [Thread-1] [ConnectionManager] Loaded 2 recent transactions from file
2025-10-20 00:01:33 [INFO] o.s.s..main [Thread-1] [wsServer] Creating WebSocket server...
2025-10-20 00:01:33 [INFO] o.s.s..main [Thread-1] [wsServer] WebSocket server instance created
2025-10-20 00:01:33 [INFO] o.s.s..main [Thread-1] [wsServer] WebSocket server setup complete
2025-10-20 00:01:33 [INFO] o.s.s..main [Thread-1] [mongo] MongoDB connected!
2025-10-20 00:01:33 [INFO] o.s.s..main [Thread-1] [MONGO] MongoDB connected
2025-10-20 00:01:33 [INFO] o.s.s..main [Thread-1] [POSTGRES] PostgreSQL connected
2025-10-20 00:01:33 [INFO] o.s.s..main [Thread-1] [HTTP_SERVER] Starting HTTP server...
2025-10-20 00:01:33 [ERROR] o.s.s..main [Thread-1] [wsServer] Error: listen EADDRINUSE: address already in use :::8081
2025-10-20 00:01:33 [ERROR] o.s.s..main [Thread-1] [HTTP_SERVER] Error: listen EADDRINUSE: address already in use :::8081
2025-10-20 00:01:47 [INFO] o.s.s..main [Thread-1] [SHUTDOWN] Received SIGINT. Initiating graceful shutdown...
2025-10-20 00:01:54 [INFO] o.s.s..main [Thread-1] [ConnectionManager] Loaded 2 recent transactions from file
2025-10-20 00:01:54 [INFO] o.s.s..main [Thread-1] [wsServer] Creating WebSocket server...
2025-10-20 00:01:54 [INFO] o.s.s..main [Thread-1] [wsServer] WebSocket server instance created
2025-10-20 00:01:54 [INFO] o.s.s..main [Thread-1] [wsServer] WebSocket server setup complete
2025-10-20 00:01:54 [INFO] o.s.s..main [Thread-1] [mongo] MongoDB connected!
2025-10-20 00:01:54 [INFO] o.s.s..main [Thread-1] [MONGO] MongoDB connected
2025-10-20 00:01:54 [INFO] o.s.s..main [Thread-1] [POSTGRES] PostgreSQL connected
2025-10-20 00:01:54 [INFO] o.s.s..main [Thread-1] [HTTP_SERVER] Starting HTTP server...
2025-10-20 00:01:54 [ERROR] o.s.s..main [Thread-1] [wsServer] Error: listen EADDRINUSE: address already in use :::8081
2025-10-20 00:01:54 [ERROR] o.s.s..main [Thread-1] [HTTP_SERVER] Error: listen EADDRINUSE: address already in use :::8081
2025-10-20 00:01:56 [INFO] o.s.s..main [Thread-1] [SHUTDOWN] Received SIGINT. Initiating graceful shutdown...
2025-10-20 00:03:19 [INFO] o.s.s..main [Thread-1] [ConnectionManager] Loaded 2 recent transactions from file
2025-10-20 00:03:19 [INFO] o.s.s..main [Thread-1] [wsServer] Creating WebSocket server...
2025-10-20 00:03:19 [INFO] o.s.s..main [Thread-1] [wsServer] WebSocket server instance created
2025-10-20 00:03:19 [INFO] o.s.s..main [Thread-1] [wsServer] WebSocket server setup complete
2025-10-20 00:03:19 [INFO] o.s.s..main [Thread-1] [mongo] MongoDB connected!
2025-10-20 00:03:19 [INFO] o.s.s..main [Thread-1] [MONGO] MongoDB connected
2025-10-20 00:03:19 [INFO] o.s.s..main [Thread-1] [POSTGRES] PostgreSQL connected
2025-10-20 00:03:19 [INFO] o.s.s..main [Thread-1] [HTTP_SERVER] Starting HTTP server...
2025-10-20 00:03:19 [ERROR] o.s.s..main [Thread-1] [wsServer] Error: listen EADDRINUSE: address already in use :::8081
2025-10-20 00:03:19 [ERROR] o.s.s..main [Thread-1] [HTTP_SERVER] Error: listen EADDRINUSE: address already in use :::8081
2025-10-20 00:03:24 [INFO] o.s.s..main [Thread-1] [SHUTDOWN] Received SIGINT. Initiating graceful shutdown...
2025-10-20 00:03:32 [INFO] o.s.s..main [Thread-1] [ConnectionManager] Loaded 2 recent transactions from file
2025-10-20 00:03:32 [INFO] o.s.s..main [Thread-1] [wsServer] Creating WebSocket server...
2025-10-20 00:03:32 [INFO] o.s.s..main [Thread-1] [wsServer] WebSocket server instance created
2025-10-20 00:03:32 [INFO] o.s.s..main [Thread-1] [wsServer] WebSocket server setup complete
2025-10-20 00:03:32 [INFO] o.s.s..main [Thread-1] [mongo] MongoDB connected!
2025-10-20 00:03:32 [INFO] o.s.s..main [Thread-1] [MONGO] MongoDB connected
2025-10-20 00:03:32 [INFO] o.s.s..main [Thread-1] [POSTGRES] PostgreSQL connected
2025-10-20 00:03:32 [INFO] o.s.s..main [Thread-1] [HTTP_SERVER] Starting HTTP server...
2025-10-20 00:03:32 [INFO] o.s.s..main [Thread-1] [MAIN] CSMS Server fully initialized on port 8081
2025-10-20 00:03:36 [INFO] o.s.s..main [Thread-1] [SHUTDOWN] Received SIGINT. Initiating graceful shutdown...
2025-10-20 00:03:42 [INFO] o.s.s..main [Thread-1] [ConnectionManager] Loaded 2 recent transactions from file
2025-10-20 00:03:42 [INFO] o.s.s..main [Thread-1] [wsServer] Creating WebSocket server...
2025-10-20 00:03:42 [INFO] o.s.s..main [Thread-1] [wsServer] WebSocket server instance created
2025-10-20 00:03:42 [INFO] o.s.s..main [Thread-1] [wsServer] WebSocket server setup complete
2025-10-20 00:03:42 [INFO] o.s.s..main [Thread-1] [mongo] MongoDB connected!
2025-10-20 00:03:42 [INFO] o.s.s..main [Thread-1] [MONGO] MongoDB connected
2025-10-20 00:03:43 [INFO] o.s.s..main [Thread-1] [POSTGRES] PostgreSQL connected
2025-10-20 00:03:43 [INFO] o.s.s..main [Thread-1] [HTTP_SERVER] Starting HTTP server...
2025-10-20 00:03:43 [INFO] o.s.s..main [Thread-1] [MAIN] CSMS Server fully initialized on port 8081
2025-10-20 00:03:48 [INFO] o.s.s..main [Thread-1] [SHUTDOWN] Received SIGINT. Initiating graceful shutdown...
